Starting 5-minute BTC/USDT (Binance Perpetual) frame tracking...
Signal threshold: ±$180 price change per frame
--------------------------------------------------------------------------------

[NEW FRAME] Now: 16:36:38 | Frame: 16:35:00 | Frame Start Price: $69,647.20
[16:36:38] Frame: 16:35:00 | BTC: $69,647.20 | Change: +0.00 / ±$180
[16:36:41] Frame: 16:35:00 | BTC: $69,640.00 | Change: -7.20 / ±$180
[16:36:44] Frame: 16:35:00 | BTC: $69,640.00 | Change: -7.20 / ±$180
[16:36:47] Frame: 16:35:00 | BTC: $69,640.00 | Change: -7.20 / ±$180
[16:36:49] Frame: 16:35:00 | BTC: $69,644.00 | Change: -3.20 / ±$180
[16:36:52] Frame: 16:35:00 | BTC: $69,646.90 | Change: -0.30 / ±$180
[16:36:55] Frame: 16:35:00 | BTC: $69,646.90 | Change: -0.30 / ±$180
[16:36:58] Frame: 16:35:00 | BTC: $69,647.00 | Change: -0.20 / ±$180
[16:37:01] Frame: 16:35:00 | BTC: $69,660.50 | Change: +13.30 / ±$180
[16:37:05] Frame: 16:35:00 | BTC: $69,655.70 | Change: +8.50 / ±$180
[16:37:08] Frame: 16:35:00 | BTC: $69,655.70 | Change: +8.50 / ±$180
[16:37:11] Frame: 16:35:00 | BTC: $69,655.70 | Change: +8.50 / ±$180
[16:37:14] Frame: 16:35:00 | BTC: $69,655.80 | Change: +8.60 / ±$180
[16:37:17] Frame: 16:35:00 | BTC: $69,649.30 | Change: +2.10 / ±$180
[16:37:20] Frame: 16:35:00 | BTC: $69,649.30 | Change: +2.10 / ±$180
[16:37:23] Frame: 16:35:00 | BTC: $69,649.30 | Change: +2.10 / ±$180
[16:37:26] Frame: 16:35:00 | BTC: $69,649.30 | Change: +2.10 / ±$180
[16:37:29] Frame: 16:35:00 | BTC: $69,649.20 | Change: +2.00 / ±$180
[16:37:32] Frame: 16:35:00 | BTC: $69,649.30 | Change: +2.10 / ±$180
[16:37:36] Frame: 16:35:00 | BTC: $69,649.30 | Change: +2.10 / ±$180
[16:37:40] Frame: 16:35:00 | BTC: $69,649.30 | Change: +2.10 / ±$180
[16:37:42] Frame: 16:35:00 | BTC: $69,615.10 | Change: -32.10 / ±$180
[16:37:45] Frame: 16:35:00 | BTC: $69,616.30 | Change: -30.90 / ±$180
[16:37:49] Frame: 16:35:00 | BTC: $69,618.30 | Change: -28.90 / ±$180
[16:37:52] Frame: 16:35:00 | BTC: $69,621.10 | Change: -26.10 / ±$180
[16:37:55] Frame: 16:35:00 | BTC: $69,621.10 | Change: -26.10 / ±$180
[16:37:58] Frame: 16:35:00 | BTC: $69,621.10 | Change: -26.10 / ±$180
[16:38:01] Frame: 16:35:00 | BTC: $69,633.90 | Change: -13.30 / ±$180
[16:38:04] Frame: 16:35:00 | BTC: $69,633.90 | Change: -13.30 / ±$180
[16:38:07] Frame: 16:35:00 | BTC: $69,634.00 | Change: -13.20 / ±$180
[16:38:11] Frame: 16:35:00 | BTC: $69,634.00 | Change: -13.20 / ±$180
[16:38:14] Frame: 16:35:00 | BTC: $69,649.90 | Change: +2.70 / ±$180
[16:38:17] Frame: 16:35:00 | BTC: $69,651.10 | Change: +3.90 / ±$180
[16:38:20] Frame: 16:35:00 | BTC: $69,642.70 | Change: -4.50 / ±$180
[16:38:23] Frame: 16:35:00 | BTC: $69,642.70 | Change: -4.50 / ±$180
[16:38:26] Frame: 16:35:00 | BTC: $69,642.80 | Change: -4.40 / ±$180
[16:38:29] Frame: 16:35:00 | BTC: $69,642.80 | Change: -4.40 / ±$180
[16:38:32] Frame: 16:35:00 | BTC: $69,642.80 | Change: -4.40 / ±$180
[16:38:35] Frame: 16:35:00 | BTC: $69,642.70 | Change: -4.50 / ±$180
[16:38:38] Frame: 16:35:00 | BTC: $69,642.70 | Change: -4.50 / ±$180
[16:38:41] Frame: 16:35:00 | BTC: $69,642.70 | Change: -4.50 / ±$180
[16:38:44] Frame: 16:35:00 | BTC: $69,642.80 | Change: -4.40 / ±$180
[16:38:47] Frame: 16:35:00 | BTC: $69,640.10 | Change: -7.10 / ±$180
[16:38:50] Frame: 16:35:00 | BTC: $69,640.10 | Change: -7.10 / ±$180
[16:38:53] Frame: 16:35:00 | BTC: $69,640.00 | Change: -7.20 / ±$180
[16:38:56] Frame: 16:35:00 | BTC: $69,640.10 | Change: -7.10 / ±$180
[16:38:59] Frame: 16:35:00 | BTC: $69,640.10 | Change: -7.10 / ±$180
[16:39:02] Frame: 16:35:00 | BTC: $69,640.10 | Change: -7.10 / ±$180
[16:39:05] Frame: 16:35:00 | BTC: $69,640.10 | Change: -7.10 / ±$180
[16:39:08] Frame: 16:35:00 | BTC: $69,626.40 | Change: -20.80 / ±$180
[16:39:11] Frame: 16:35:00 | BTC: $69,626.40 | Change: -20.80 / ±$180
[16:39:14] Frame: 16:35:00 | BTC: $69,620.00 | Change: -27.20 / ±$180
[16:39:18] Frame: 16:35:00 | BTC: $69,620.10 | Change: -27.10 / ±$180
[16:39:21] Frame: 16:35:00 | BTC: $69,615.10 | Change: -32.10 / ±$180
[16:39:24] Frame: 16:35:00 | BTC: $69,615.10 | Change: -32.10 / ±$180
[16:39:27] Frame: 16:35:00 | BTC: $69,615.00 | Change: -32.20 / ±$180
[16:39:30] Frame: 16:35:00 | BTC: $69,615.10 | Change: -32.10 / ±$180
[16:39:33] Frame: 16:35:00 | BTC: $69,615.10 | Change: -32.10 / ±$180
[16:39:36] Frame: 16:35:00 | BTC: $69,615.10 | Change: -32.10 / ±$180
[16:39:39] Frame: 16:35:00 | BTC: $69,615.10 | Change: -32.10 / ±$180
[16:39:42] Frame: 16:35:00 | BTC: $69,605.20 | Change: -42.00 / ±$180
[16:39:45] Frame: 16:35:00 | BTC: $69,603.30 | Change: -43.90 / ±$180
[16:39:48] Frame: 16:35:00 | BTC: $69,611.70 | Change: -35.50 / ±$180
[16:39:52] Frame: 16:35:00 | BTC: $69,611.70 | Change: -35.50 / ±$180
[16:39:55] Frame: 16:35:00 | BTC: $69,611.60 | Change: -35.60 / ±$180
[16:39:57] Frame: 16:35:00 | BTC: $69,611.60 | Change: -35.60 / ±$180

[NEW FRAME] Now: 16:40:00 | Frame: 16:40:00 | Frame Start Price: $69,611.60
[16:40:00] Frame: 16:40:00 | BTC: $69,611.60 | Change: +0.00 / ±$180
[16:40:03] Frame: 16:40:00 | BTC: $69,611.60 | Change: +0.00 / ±$180
[16:40:06] Frame: 16:40:00 | BTC: $69,611.60 | Change: +0.00 / ±$180
[16:40:09] Frame: 16:40:00 | BTC: $69,602.70 | Change: -8.90 / ±$180
[16:40:12] Frame: 16:40:00 | BTC: $69,602.70 | Change: -8.90 / ±$180
[16:40:15] Frame: 16:40:00 | BTC: $69,602.70 | Change: -8.90 / ±$180
[16:40:18] Frame: 16:40:00 | BTC: $69,611.10 | Change: -0.50 / ±$180
[16:40:21] Frame: 16:40:00 | BTC: $69,610.00 | Change: -1.60 / ±$180
[16:40:24] Frame: 16:40:00 | BTC: $69,610.00 | Change: -1.60 / ±$180
[16:40:27] Frame: 16:40:00 | BTC: $69,610.00 | Change: -1.60 / ±$180
[16:40:30] Frame: 16:40:00 | BTC: $69,610.00 | Change: -1.60 / ±$180
[16:40:33] Frame: 16:40:00 | BTC: $69,610.00 | Change: -1.60 / ±$180
[16:40:36] Frame: 16:40:00 | BTC: $69,610.00 | Change: -1.60 / ±$180
[16:40:40] Frame: 16:40:00 | BTC: $69,610.00 | Change: -1.60 / ±$180
[16:40:43] Frame: 16:40:00 | BTC: $69,626.30 | Change: +14.70 / ±$180
[16:40:46] Frame: 16:40:00 | BTC: $69,629.80 | Change: +18.20 / ±$180
[16:40:49] Frame: 16:40:00 | BTC: $69,637.00 | Change: +25.40 / ±$180
[16:40:51] Frame: 16:40:00 | BTC: $69,637.00 | Change: +25.40 / ±$180
[16:40:54] Frame: 16:40:00 | BTC: $69,637.80 | Change: +26.20 / ±$180
[16:40:58] Frame: 16:40:00 | BTC: $69,636.60 | Change: +25.00 / ±$180
[16:41:02] Frame: 16:40:00 | BTC: $69,631.50 | Change: +19.90 / ±$180
[16:41:04] Frame: 16:40:00 | BTC: $69,631.50 | Change: +19.90 / ±$180
[16:41:08] Frame: 16:40:00 | BTC: $69,631.50 | Change: +19.90 / ±$180
[16:41:10] Frame: 16:40:00 | BTC: $69,631.50 | Change: +19.90 / ±$180
[16:41:14] Frame: 16:40:00 | BTC: $69,631.50 | Change: +19.90 / ±$180
[16:41:17] Frame: 16:40:00 | BTC: $69,640.00 | Change: +28.40 / ±$180
[16:41:19] Frame: 16:40:00 | BTC: $69,639.90 | Change: +28.30 / ±$180
[16:41:22] Frame: 16:40:00 | BTC: $69,639.90 | Change: +28.30 / ±$180
[16:41:25] Frame: 16:40:00 | BTC: $69,649.30 | Change: +37.70 / ±$180
[16:41:28] Frame: 16:40:00 | BTC: $69,649.30 | Change: +37.70 / ±$180
[16:41:31] Frame: 16:40:00 | BTC: $69,649.30 | Change: +37.70 / ±$180
[16:41:35] Frame: 16:40:00 | BTC: $69,657.40 | Change: +45.80 / ±$180
[16:41:38] Frame: 16:40:00 | BTC: $69,657.40 | Change: +45.80 / ±$180
[16:41:41] Frame: 16:40:00 | BTC: $69,657.40 | Change: +45.80 / ±$180
[16:41:44] Frame: 16:40:00 | BTC: $69,660.00 | Change: +48.40 / ±$180
[16:41:47] Frame: 16:40:00 | BTC: $69,660.00 | Change: +48.40 / ±$180
[16:41:50] Frame: 16:40:00 | BTC: $69,659.90 | Change: +48.30 / ±$180
[16:41:53] Frame: 16:40:00 | BTC: $69,660.00 | Change: +48.40 / ±$180
[16:41:56] Frame: 16:40:00 | BTC: $69,668.20 | Change: +56.60 / ±$180
[16:41:59] Frame: 16:40:00 | BTC: $69,668.10 | Change: +56.50 / ±$180
[16:42:02] Frame: 16:40:00 | BTC: $69,661.30 | Change: +49.70 / ±$180
[16:42:05] Frame: 16:40:00 | BTC: $69,658.00 | Change: +46.40 / ±$180
[16:42:09] Frame: 16:40:00 | BTC: $69,648.30 | Change: +36.70 / ±$180
[16:42:12] Frame: 16:40:00 | BTC: $69,648.30 | Change: +36.70 / ±$180
[16:42:15] Frame: 16:40:00 | BTC: $69,647.30 | Change: +35.70 / ±$180
[16:42:18] Frame: 16:40:00 | BTC: $69,647.40 | Change: +35.80 / ±$180
[16:42:21] Frame: 16:40:00 | BTC: $69,646.50 | Change: +34.90 / ±$180
[16:42:24] Frame: 16:40:00 | BTC: $69,646.50 | Change: +34.90 / ±$180
[16:42:27] Frame: 16:40:00 | BTC: $69,638.20 | Change: +26.60 / ±$180
[16:42:30] Frame: 16:40:00 | BTC: $69,636.00 | Change: +24.40 / ±$180
[16:42:33] Frame: 16:40:00 | BTC: $69,636.10 | Change: +24.50 / ±$180
[16:42:36] Frame: 16:40:00 | BTC: $69,645.10 | Change: +33.50 / ±$180
[16:42:41] Frame: 16:40:00 | BTC: $69,645.10 | Change: +33.50 / ±$180
[16:42:44] Frame: 16:40:00 | BTC: $69,645.10 | Change: +33.50 / ±$180
[16:42:47] Frame: 16:40:00 | BTC: $69,628.00 | Change: +16.40 / ±$180
[16:42:51] Frame: 16:40:00 | BTC: $69,628.00 | Change: +16.40 / ±$180
[16:42:54] Frame: 16:40:00 | BTC: $69,638.10 | Change: +26.50 / ±$180
[16:42:57] Frame: 16:40:00 | BTC: $69,638.10 | Change: +26.50 / ±$180
[16:42:59] Frame: 16:40:00 | BTC: $69,638.20 | Change: +26.60 / ±$180
[16:43:02] Frame: 16:40:00 | BTC: $69,640.10 | Change: +28.50 / ±$180
[16:43:05] Frame: 16:40:00 | BTC: $69,640.10 | Change: +28.50 / ±$180
[16:43:08] Frame: 16:40:00 | BTC: $69,640.20 | Change: +28.60 / ±$180
[16:43:11] Frame: 16:40:00 | BTC: $69,640.10 | Change: +28.50 / ±$180
[16:43:15] Frame: 16:40:00 | BTC: $69,640.10 | Change: +28.50 / ±$180
[16:43:18] Frame: 16:40:00 | BTC: $69,640.10 | Change: +28.50 / ±$180
[16:43:21] Frame: 16:40:00 | BTC: $69,640.20 | Change: +28.60 / ±$180
[16:43:24] Frame: 16:40:00 | BTC: $69,640.10 | Change: +28.50 / ±$180
[16:43:27] Frame: 16:40:00 | BTC: $69,640.10 | Change: +28.50 / ±$180
[16:43:30] Frame: 16:40:00 | BTC: $69,640.10 | Change: +28.50 / ±$180
[16:43:33] Frame: 16:40:00 | BTC: $69,640.10 | Change: +28.50 / ±$180
[16:43:37] Frame: 16:40:00 | BTC: $69,640.20 | Change: +28.60 / ±$180
[16:43:39] Frame: 16:40:00 | BTC: $69,634.50 | Change: +22.90 / ±$180
[16:43:42] Frame: 16:40:00 | BTC: $69,621.10 | Change: +9.50 / ±$180
[16:43:45] Frame: 16:40:00 | BTC: $69,621.00 | Change: +9.40 / ±$180
[16:43:49] Frame: 16:40:00 | BTC: $69,621.00 | Change: +9.40 / ±$180
[16:43:52] Frame: 16:40:00 | BTC: $69,621.10 | Change: +9.50 / ±$180
[16:43:55] Frame: 16:40:00 | BTC: $69,621.00 | Change: +9.40 / ±$180
[16:43:58] Frame: 16:40:00 | BTC: $69,623.60 | Change: +12.00 / ±$180
[16:44:01] Frame: 16:40:00 | BTC: $69,623.50 | Change: +11.90 / ±$180
[16:44:04] Frame: 16:40:00 | BTC: $69,623.60 | Change: +12.00 / ±$180
[16:44:07] Frame: 16:40:00 | BTC: $69,623.50 | Change: +11.90 / ±$180
[16:44:10] Frame: 16:40:00 | BTC: $69,632.50 | Change: +20.90 / ±$180
[16:44:13] Frame: 16:40:00 | BTC: $69,632.50 | Change: +20.90 / ±$180
[16:44:16] Frame: 16:40:00 | BTC: $69,616.50 | Change: +4.90 / ±$180
[16:44:19] Frame: 16:40:00 | BTC: $69,610.10 | Change: -1.50 / ±$180
[16:44:23] Frame: 16:40:00 | BTC: $69,610.10 | Change: -1.50 / ±$180
[16:44:26] Frame: 16:40:00 | BTC: $69,610.00 | Change: -1.60 / ±$180
[16:44:29] Frame: 16:40:00 | BTC: $69,611.60 | Change: +0.00 / ±$180
[16:44:32] Frame: 16:40:00 | BTC: $69,611.60 | Change: +0.00 / ±$180
[16:44:35] Frame: 16:40:00 | BTC: $69,611.50 | Change: -0.10 / ±$180
[16:44:39] Frame: 16:40:00 | BTC: $69,611.50 | Change: -0.10 / ±$180
[16:44:39] ⚠️  WARNING: Timestamp stuck at same value!
[16:44:39] Frame: 16:40:00 | BTC: $69,611.50 | Change: -0.10 / ±$180
[16:44:44] Frame: 16:40:00 | BTC: $69,614.90 | Change: +3.30 / ±$180
[16:44:47] Frame: 16:40:00 | BTC: $69,611.40 | Change: -0.20 / ±$180
[16:44:50] Frame: 16:40:00 | BTC: $69,610.00 | Change: -1.60 / ±$180
[16:44:53] Frame: 16:40:00 | BTC: $69,610.00 | Change: -1.60 / ±$180
[16:44:57] Frame: 16:40:00 | BTC: $69,610.00 | Change: -1.60 / ±$180

[NEW FRAME] Now: 16:45:00 | Frame: 16:45:00 | Frame Start Price: $69,610.00
[16:45:00] Frame: 16:45:00 | BTC: $69,610.00 | Change: +0.00 / ±$180
[16:45:03] Frame: 16:45:00 | BTC: $69,594.00 | Change: -16.00 / ±$180
[16:45:06] Frame: 16:45:00 | BTC: $69,603.10 | Change: -6.90 / ±$180
[16:45:09] Frame: 16:45:00 | BTC: $69,603.10 | Change: -6.90 / ±$180
[16:45:12] Frame: 16:45:00 | BTC: $69,612.00 | Change: +2.00 / ±$180
[16:45:15] Frame: 16:45:00 | BTC: $69,612.00 | Change: +2.00 / ±$180
[16:45:18] Frame: 16:45:00 | BTC: $69,612.10 | Change: +2.10 / ±$180
[16:45:21] Frame: 16:45:00 | BTC: $69,620.40 | Change: +10.40 / ±$180
[16:45:24] Frame: 16:45:00 | BTC: $69,620.40 | Change: +10.40 / ±$180
[16:45:27] Frame: 16:45:00 | BTC: $69,629.50 | Change: +19.50 / ±$180
[16:45:31] Frame: 16:45:00 | BTC: $69,645.00 | Change: +35.00 / ±$180
[16:45:34] Frame: 16:45:00 | BTC: $69,649.80 | Change: +39.80 / ±$180
[16:45:38] Frame: 16:45:00 | BTC: $69,645.00 | Change: +35.00 / ±$180
[16:45:41] Frame: 16:45:00 | BTC: $69,645.10 | Change: +35.10 / ±$180
[16:45:44] Frame: 16:45:00 | BTC: $69,649.50 | Change: +39.50 / ±$180
[16:45:47] Frame: 16:45:00 | BTC: $69,649.50 | Change: +39.50 / ±$180
[16:45:50] Frame: 16:45:00 | BTC: $69,649.60 | Change: +39.60 / ±$180
[16:45:53] Frame: 16:45:00 | BTC: $69,649.50 | Change: +39.50 / ±$180
[16:45:56] Frame: 16:45:00 | BTC: $69,649.60 | Change: +39.60 / ±$180
[16:45:59] Frame: 16:45:00 | BTC: $69,649.50 | Change: +39.50 / ±$180
[16:46:03] Frame: 16:45:00 | BTC: $69,649.60 | Change: +39.60 / ±$180
[16:46:06] Frame: 16:45:00 | BTC: $69,649.60 | Change: +39.60 / ±$180
[16:46:09] Frame: 16:45:00 | BTC: $69,649.60 | Change: +39.60 / ±$180
[16:46:12] Frame: 16:45:00 | BTC: $69,649.50 | Change: +39.50 / ±$180
[16:46:15] Frame: 16:45:00 | BTC: $69,649.50 | Change: +39.50 / ±$180
[16:46:18] Frame: 16:45:00 | BTC: $69,649.50 | Change: +39.50 / ±$180
[16:46:21] Frame: 16:45:00 | BTC: $69,650.40 | Change: +40.40 / ±$180
[16:46:24] Frame: 16:45:00 | BTC: $69,650.40 | Change: +40.40 / ±$180
[16:46:27] Frame: 16:45:00 | BTC: $69,650.40 | Change: +40.40 / ±$180
[16:46:30] Frame: 16:45:00 | BTC: $69,650.40 | Change: +40.40 / ±$180
[16:46:34] Frame: 16:45:00 | BTC: $69,650.40 | Change: +40.40 / ±$180
[16:46:38] Frame: 16:45:00 | BTC: $69,650.40 | Change: +40.40 / ±$180
[16:46:41] Frame: 16:45:00 | BTC: $69,650.40 | Change: +40.40 / ±$180
[16:46:45] Frame: 16:45:00 | BTC: $69,619.50 | Change: +9.50 / ±$180
[16:46:48] Frame: 16:45:00 | BTC: $69,619.50 | Change: +9.50 / ±$180
[16:46:51] Frame: 16:45:00 | BTC: $69,629.10 | Change: +19.10 / ±$180
[16:46:54] Frame: 16:45:00 | BTC: $69,636.80 | Change: +26.80 / ±$180
[16:46:57] Frame: 16:45:00 | BTC: $69,655.60 | Change: +45.60 / ±$180
[16:47:00] Frame: 16:45:00 | BTC: $69,635.00 | Change: +25.00 / ±$180
[16:47:03] Frame: 16:45:00 | BTC: $69,634.90 | Change: +24.90 / ±$180
[16:47:06] Frame: 16:45:00 | BTC: $69,638.90 | Change: +28.90 / ±$180
[16:47:10] Frame: 16:45:00 | BTC: $69,641.60 | Change: +31.60 / ±$180
[16:47:13] Frame: 16:45:00 | BTC: $69,647.90 | Change: +37.90 / ±$180
[16:47:16] Frame: 16:45:00 | BTC: $69,647.90 | Change: +37.90 / ±$180
[16:47:19] Frame: 16:45:00 | BTC: $69,656.00 | Change: +46.00 / ±$180
[16:47:22] Frame: 16:45:00 | BTC: $69,653.10 | Change: +43.10 / ±$180
[16:47:25] Frame: 16:45:00 | BTC: $69,653.00 | Change: +43.00 / ±$180
[16:47:28] Frame: 16:45:00 | BTC: $69,653.00 | Change: +43.00 / ±$180
[16:47:32] Frame: 16:45:00 | BTC: $69,653.10 | Change: +43.10 / ±$180
[16:47:34] Frame: 16:45:00 | BTC: $69,640.30 | Change: +30.30 / ±$180
[16:47:37] Frame: 16:45:00 | BTC: $69,640.30 | Change: +30.30 / ±$180
[16:47:41] Frame: 16:45:00 | BTC: $69,640.70 | Change: +30.70 / ±$180
[16:47:45] Frame: 16:45:00 | BTC: $69,640.70 | Change: +30.70 / ±$180
[16:47:48] Frame: 16:45:00 | BTC: $69,644.70 | Change: +34.70 / ±$180
[16:47:51] Frame: 16:45:00 | BTC: $69,651.20 | Change: +41.20 / ±$180
[16:47:54] Frame: 16:45:00 | BTC: $69,651.30 | Change: +41.30 / ±$180
[16:47:57] Frame: 16:45:00 | BTC: $69,651.30 | Change: +41.30 / ±$180
[16:48:01] Frame: 16:45:00 | BTC: $69,651.30 | Change: +41.30 / ±$180
[16:48:04] Frame: 16:45:00 | BTC: $69,651.30 | Change: +41.30 / ±$180
[16:48:08] Frame: 16:45:00 | BTC: $69,642.10 | Change: +32.10 / ±$180
[16:48:10] Frame: 16:45:00 | BTC: $69,642.10 | Change: +32.10 / ±$180
[16:48:13] Frame: 16:45:00 | BTC: $69,642.10 | Change: +32.10 / ±$180
[16:48:16] Frame: 16:45:00 | BTC: $69,633.50 | Change: +23.50 / ±$180
[16:48:19] Frame: 16:45:00 | BTC: $69,633.50 | Change: +23.50 / ±$180
[16:48:23] Frame: 16:45:00 | BTC: $69,629.60 | Change: +19.60 / ±$180
[16:48:25] Frame: 16:45:00 | BTC: $69,629.60 | Change: +19.60 / ±$180
[16:48:29] Frame: 16:45:00 | BTC: $69,629.60 | Change: +19.60 / ±$180
[16:48:32] Frame: 16:45:00 | BTC: $69,624.10 | Change: +14.10 / ±$180
[16:48:35] Frame: 16:45:00 | BTC: $69,624.10 | Change: +14.10 / ±$180
[16:48:38] Frame: 16:45:00 | BTC: $69,624.10 | Change: +14.10 / ±$180
[16:48:42] Frame: 16:45:00 | BTC: $69,596.20 | Change: -13.80 / ±$180
[16:48:42] ⚠️  WARNING: Timestamp stuck at same value!
[16:48:42] Frame: 16:45:00 | BTC: $69,596.20 | Change: -13.80 / ±$180
[16:48:46] Frame: 16:45:00 | BTC: $69,562.10 | Change: -47.90 / ±$180
[16:48:49] Frame: 16:45:00 | BTC: $69,562.10 | Change: -47.90 / ±$180
[16:48:52] Frame: 16:45:00 | BTC: $69,578.50 | Change: -31.50 / ±$180
[16:48:55] Frame: 16:45:00 | BTC: $69,582.40 | Change: -27.60 / ±$180
[16:48:58] Frame: 16:45:00 | BTC: $69,582.70 | Change: -27.30 / ±$180
[16:49:01] Frame: 16:45:00 | BTC: $69,585.90 | Change: -24.10 / ±$180
[16:49:05] Frame: 16:45:00 | BTC: $69,599.70 | Change: -10.30 / ±$180
[16:49:09] Frame: 16:45:00 | BTC: $69,599.70 | Change: -10.30 / ±$180
[16:49:12] Frame: 16:45:00 | BTC: $69,612.10 | Change: +2.10 / ±$180
[16:49:15] Frame: 16:45:00 | BTC: $69,623.00 | Change: +13.00 / ±$180
[16:49:18] Frame: 16:45:00 | BTC: $69,616.00 | Change: +6.00 / ±$180
[16:49:21] Frame: 16:45:00 | BTC: $69,618.00 | Change: +8.00 / ±$180
[16:49:24] Frame: 16:45:00 | BTC: $69,617.90 | Change: +7.90 / ±$180
[16:49:27] Frame: 16:45:00 | BTC: $69,623.00 | Change: +13.00 / ±$180
[16:49:30] Frame: 16:45:00 | BTC: $69,623.00 | Change: +13.00 / ±$180
[16:49:33] Frame: 16:45:00 | BTC: $69,622.90 | Change: +12.90 / ±$180
[16:49:36] Frame: 16:45:00 | BTC: $69,623.00 | Change: +13.00 / ±$180
[16:49:39] Frame: 16:45:00 | BTC: $69,623.00 | Change: +13.00 / ±$180
[16:49:43] Frame: 16:45:00 | BTC: $69,622.90 | Change: +12.90 / ±$180
[16:49:47] Frame: 16:45:00 | BTC: $69,628.00 | Change: +18.00 / ±$180
[16:49:49] Frame: 16:45:00 | BTC: $69,631.30 | Change: +21.30 / ±$180
[16:49:52] Frame: 16:45:00 | BTC: $69,631.30 | Change: +21.30 / ±$180
[16:49:55] Frame: 16:45:00 | BTC: $69,631.40 | Change: +21.40 / ±$180
[16:49:59] Frame: 16:45:00 | BTC: $69,631.40 | Change: +21.40 / ±$180

[NEW FRAME] Now: 16:50:02 | Frame: 16:50:00 | Frame Start Price: $69,635.10
[16:50:02] Frame: 16:50:00 | BTC: $69,635.10 | Change: +0.00 / ±$180
[16:50:05] Frame: 16:50:00 | BTC: $69,635.10 | Change: +0.00 / ±$180
[16:50:08] Frame: 16:50:00 | BTC: $69,645.90 | Change: +10.80 / ±$180
[16:50:11] Frame: 16:50:00 | BTC: $69,642.50 | Change: +7.40 / ±$180
[16:50:15] Frame: 16:50:00 | BTC: $69,642.50 | Change: +7.40 / ±$180
[16:50:18] Frame: 16:50:00 | BTC: $69,639.00 | Change: +3.90 / ±$180
[16:50:21] Frame: 16:50:00 | BTC: $69,632.40 | Change: -2.70 / ±$180
[16:50:24] Frame: 16:50:00 | BTC: $69,632.40 | Change: -2.70 / ±$180
[16:50:27] Frame: 16:50:00 | BTC: $69,631.20 | Change: -3.90 / ±$180
[16:50:30] Frame: 16:50:00 | BTC: $69,628.40 | Change: -6.70 / ±$180
[16:50:33] Frame: 16:50:00 | BTC: $69,628.40 | Change: -6.70 / ±$180
[16:50:36] Frame: 16:50:00 | BTC: $69,630.40 | Change: -4.70 / ±$180
[16:50:39] Frame: 16:50:00 | BTC: $69,630.40 | Change: -4.70 / ±$180
[16:50:42] Frame: 16:50:00 | BTC: $69,639.30 | Change: +4.20 / ±$180
[16:50:46] Frame: 16:50:00 | BTC: $69,639.30 | Change: +4.20 / ±$180
[16:50:51] Frame: 16:50:00 | BTC: $69,639.30 | Change: +4.20 / ±$180
[16:50:54] Frame: 16:50:00 | BTC: $69,639.30 | Change: +4.20 / ±$180
[16:50:56] Frame: 16:50:00 | BTC: $69,645.10 | Change: +10.00 / ±$180
[16:50:59] Frame: 16:50:00 | BTC: $69,645.10 | Change: +10.00 / ±$180
[16:51:02] Frame: 16:50:00 | BTC: $69,645.20 | Change: +10.10 / ±$180
[16:51:05] Frame: 16:50:00 | BTC: $69,645.10 | Change: +10.00 / ±$180
[16:51:08] Frame: 16:50:00 | BTC: $69,645.10 | Change: +10.00 / ±$180
[16:51:11] Frame: 16:50:00 | BTC: $69,635.80 | Change: +0.70 / ±$180
[16:51:14] Frame: 16:50:00 | BTC: $69,635.90 | Change: +0.80 / ±$180
[16:51:17] Frame: 16:50:00 | BTC: $69,635.90 | Change: +0.80 / ±$180
[16:51:20] Frame: 16:50:00 | BTC: $69,635.90 | Change: +0.80 / ±$180
[16:51:24] Frame: 16:50:00 | BTC: $69,629.70 | Change: -5.40 / ±$180
[16:51:27] Frame: 16:50:00 | BTC: $69,629.80 | Change: -5.30 / ±$180
[16:51:30] Frame: 16:50:00 | BTC: $69,629.80 | Change: -5.30 / ±$180
[16:51:33] Frame: 16:50:00 | BTC: $69,629.80 | Change: -5.30 / ±$180
[16:51:36] Frame: 16:50:00 | BTC: $69,629.80 | Change: -5.30 / ±$180
[16:51:39] Frame: 16:50:00 | BTC: $69,629.80 | Change: -5.30 / ±$180
[16:51:42] Frame: 16:50:00 | BTC: $69,633.50 | Change: -1.60 / ±$180
[16:51:45] Frame: 16:50:00 | BTC: $69,633.50 | Change: -1.60 / ±$180
[16:51:48] Frame: 16:50:00 | BTC: $69,645.60 | Change: +10.50 / ±$180
[16:51:51] Frame: 16:50:00 | BTC: $69,645.70 | Change: +10.60 / ±$180
[16:51:54] Frame: 16:50:00 | BTC: $69,645.70 | Change: +10.60 / ±$180
[16:51:58] Frame: 16:50:00 | BTC: $69,636.80 | Change: +1.70 / ±$180
[16:52:01] Frame: 16:50:00 | BTC: $69,636.80 | Change: +1.70 / ±$180
[16:52:04] Frame: 16:50:00 | BTC: $69,636.70 | Change: +1.60 / ±$180
[16:52:07] Frame: 16:50:00 | BTC: $69,634.80 | Change: -0.30 / ±$180
[16:52:10] Frame: 16:50:00 | BTC: $69,634.80 | Change: -0.30 / ±$180
[16:52:12] Frame: 16:50:00 | BTC: $69,641.90 | Change: +6.80 / ±$180
[16:52:15] Frame: 16:50:00 | BTC: $69,641.90 | Change: +6.80 / ±$180
[16:52:18] Frame: 16:50:00 | BTC: $69,641.90 | Change: +6.80 / ±$180
[16:52:21] Frame: 16:50:00 | BTC: $69,650.00 | Change: +14.90 / ±$180
[16:52:24] Frame: 16:50:00 | BTC: $69,650.00 | Change: +14.90 / ±$180
[16:52:27] Frame: 16:50:00 | BTC: $69,655.70 | Change: +20.60 / ±$180
[16:52:31] Frame: 16:50:00 | BTC: $69,666.00 | Change: +30.90 / ±$180
[16:52:34] Frame: 16:50:00 | BTC: $69,666.00 | Change: +30.90 / ±$180
[16:52:37] Frame: 16:50:00 | BTC: $69,666.70 | Change: +31.60 / ±$180
[16:52:40] Frame: 16:50:00 | BTC: $69,666.70 | Change: +31.60 / ±$180
[16:52:43] Frame: 16:50:00 | BTC: $69,666.70 | Change: +31.60 / ±$180
[16:52:48] Frame: 16:50:00 | BTC: $69,689.90 | Change: +54.80 / ±$180
[16:52:51] Frame: 16:50:00 | BTC: $69,689.90 | Change: +54.80 / ±$180
[16:52:54] Frame: 16:50:00 | BTC: $69,689.90 | Change: +54.80 / ±$180
[16:52:57] Frame: 16:50:00 | BTC: $69,693.50 | Change: +58.40 / ±$180
[16:53:00] Frame: 16:50:00 | BTC: $69,697.30 | Change: +62.20 / ±$180
[16:53:04] Frame: 16:50:00 | BTC: $69,699.40 | Change: +64.30 / ±$180
[16:53:07] Frame: 16:50:00 | BTC: $69,699.30 | Change: +64.20 / ±$180
[16:53:10] Frame: 16:50:00 | BTC: $69,693.60 | Change: +58.50 / ±$180
[16:53:13] Frame: 16:50:00 | BTC: $69,693.60 | Change: +58.50 / ±$180
[16:53:16] Frame: 16:50:00 | BTC: $69,693.50 | Change: +58.40 / ±$180
[16:53:19] Frame: 16:50:00 | BTC: $69,693.50 | Change: +58.40 / ±$180
[16:53:22] Frame: 16:50:00 | BTC: $69,681.60 | Change: +46.50 / ±$180
[16:53:25] Frame: 16:50:00 | BTC: $69,681.50 | Change: +46.40 / ±$180
[16:53:28] Frame: 16:50:00 | BTC: $69,675.40 | Change: +40.30 / ±$180
[16:53:31] Frame: 16:50:00 | BTC: $69,676.80 | Change: +41.70 / ±$180
[16:53:34] Frame: 16:50:00 | BTC: $69,676.80 | Change: +41.70 / ±$180
[16:53:38] Frame: 16:50:00 | BTC: $69,673.30 | Change: +38.20 / ±$180
[16:53:41] Frame: 16:50:00 | BTC: $69,673.40 | Change: +38.30 / ±$180
[16:53:44] Frame: 16:50:00 | BTC: $69,673.40 | Change: +38.30 / ±$180
[16:53:47] Frame: 16:50:00 | BTC: $69,673.40 | Change: +38.30 / ±$180
[16:53:49] Frame: 16:50:00 | BTC: $69,673.40 | Change: +38.30 / ±$180
[16:53:52] Frame: 16:50:00 | BTC: $69,673.40 | Change: +38.30 / ±$180
[16:53:55] Frame: 16:50:00 | BTC: $69,673.40 | Change: +38.30 / ±$180
[16:53:58] Frame: 16:50:00 | BTC: $69,675.40 | Change: +40.30 / ±$180
[16:54:01] Frame: 16:50:00 | BTC: $69,675.40 | Change: +40.30 / ±$180
[16:54:04] Frame: 16:50:00 | BTC: $69,675.50 | Change: +40.40 / ±$180
[16:54:07] Frame: 16:50:00 | BTC: $69,675.50 | Change: +40.40 / ±$180
[16:54:11] Frame: 16:50:00 | BTC: $69,691.70 | Change: +56.60 / ±$180
[16:54:14] Frame: 16:50:00 | BTC: $69,696.20 | Change: +61.10 / ±$180
[16:54:18] Frame: 16:50:00 | BTC: $69,700.00 | Change: +64.90 / ±$180
[16:54:21] Frame: 16:50:00 | BTC: $69,700.00 | Change: +64.90 / ±$180
[16:54:24] Frame: 16:50:00 | BTC: $69,708.00 | Change: +72.90 / ±$180
[16:54:27] Frame: 16:50:00 | BTC: $69,705.70 | Change: +70.60 / ±$180
[16:54:30] Frame: 16:50:00 | BTC: $69,706.40 | Change: +71.30 / ±$180
[16:54:33] Frame: 16:50:00 | BTC: $69,706.40 | Change: +71.30 / ±$180
[16:54:36] Frame: 16:50:00 | BTC: $69,706.40 | Change: +71.30 / ±$180
[16:54:39] Frame: 16:50:00 | BTC: $69,706.40 | Change: +71.30 / ±$180
[16:54:42] Frame: 16:50:00 | BTC: $69,706.40 | Change: +71.30 / ±$180
[16:54:46] Frame: 16:50:00 | BTC: $69,706.40 | Change: +71.30 / ±$180
[16:54:50] Frame: 16:50:00 | BTC: $69,706.40 | Change: +71.30 / ±$180
[16:54:53] Frame: 16:50:00 | BTC: $69,706.30 | Change: +71.20 / ±$180
[16:54:56] Frame: 16:50:00 | BTC: $69,706.40 | Change: +71.30 / ±$180
[16:54:59] Frame: 16:50:00 | BTC: $69,706.40 | Change: +71.30 / ±$180

[NEW FRAME] Now: 16:55:02 | Frame: 16:55:00 | Frame Start Price: $69,706.40
[16:55:02] Frame: 16:55:00 | BTC: $69,706.40 | Change: +0.00 / ±$180
[16:55:05] Frame: 16:55:00 | BTC: $69,706.40 | Change: +0.00 / ±$180
[16:55:08] Frame: 16:55:00 | BTC: $69,706.40 | Change: +0.00 / ±$180
[16:55:11] Frame: 16:55:00 | BTC: $69,719.20 | Change: +12.80 / ±$180
[16:55:14] Frame: 16:55:00 | BTC: $69,724.10 | Change: +17.70 / ±$180
[16:55:17] Frame: 16:55:00 | BTC: $69,724.10 | Change: +17.70 / ±$180
[16:55:21] Frame: 16:55:00 | BTC: $69,734.00 | Change: +27.60 / ±$180
[16:55:24] Frame: 16:55:00 | BTC: $69,734.00 | Change: +27.60 / ±$180
[16:55:28] Frame: 16:55:00 | BTC: $69,734.00 | Change: +27.60 / ±$180
[16:55:31] Frame: 16:55:00 | BTC: $69,734.00 | Change: +27.60 / ±$180
[16:55:34] Frame: 16:55:00 | BTC: $69,731.90 | Change: +25.50 / ±$180
[16:55:37] Frame: 16:55:00 | BTC: $69,726.90 | Change: +20.50 / ±$180
[16:55:40] Frame: 16:55:00 | BTC: $69,719.40 | Change: +13.00 / ±$180
[16:55:43] Frame: 16:55:00 | BTC: $69,726.90 | Change: +20.50 / ±$180
[16:55:45] Frame: 16:55:00 | BTC: $69,713.10 | Change: +6.70 / ±$180
[16:55:48] Frame: 16:55:00 | BTC: $69,713.10 | Change: +6.70 / ±$180
[16:55:51] Frame: 16:55:00 | BTC: $69,713.10 | Change: +6.70 / ±$180
[16:55:55] Frame: 16:55:00 | BTC: $69,711.20 | Change: +4.80 / ±$180
[16:55:58] Frame: 16:55:00 | BTC: $69,711.20 | Change: +4.80 / ±$180
[16:56:01] Frame: 16:55:00 | BTC: $69,711.20 | Change: +4.80 / ±$180
[16:56:04] Frame: 16:55:00 | BTC: $69,711.20 | Change: +4.80 / ±$180
[16:56:07] Frame: 16:55:00 | BTC: $69,711.30 | Change: +4.90 / ±$180
[16:56:10] Frame: 16:55:00 | BTC: $69,700.10 | Change: -6.30 / ±$180
[16:56:13] Frame: 16:55:00 | BTC: $69,700.10 | Change: -6.30 / ±$180
[16:56:16] Frame: 16:55:00 | BTC: $69,699.60 | Change: -6.80 / ±$180
[16:56:19] Frame: 16:55:00 | BTC: $69,699.90 | Change: -6.50 / ±$180
[16:56:23] Frame: 16:55:00 | BTC: $69,699.90 | Change: -6.50 / ±$180
[16:56:27] Frame: 16:55:00 | BTC: $69,700.00 | Change: -6.40 / ±$180
[16:56:30] Frame: 16:55:00 | BTC: $69,709.60 | Change: +3.20 / ±$180
[16:56:33] Frame: 16:55:00 | BTC: $69,709.60 | Change: +3.20 / ±$180
[16:56:36] Frame: 16:55:00 | BTC: $69,709.60 | Change: +3.20 / ±$180
[16:56:39] Frame: 16:55:00 | BTC: $69,715.30 | Change: +8.90 / ±$180
[16:56:42] Frame: 16:55:00 | BTC: $69,715.20 | Change: +8.80 / ±$180
[16:56:45] Frame: 16:55:00 | BTC: $69,715.20 | Change: +8.80 / ±$180
[16:56:48] Frame: 16:55:00 | BTC: $69,715.30 | Change: +8.90 / ±$180
[16:56:52] Frame: 16:55:00 | BTC: $69,724.60 | Change: +18.20 / ±$180
[16:56:55] Frame: 16:55:00 | BTC: $69,724.70 | Change: +18.30 / ±$180
[16:56:58] Frame: 16:55:00 | BTC: $69,724.70 | Change: +18.30 / ±$180
[16:57:02] Frame: 16:55:00 | BTC: $69,749.90 | Change: +43.50 / ±$180
[16:57:05] Frame: 16:55:00 | BTC: $69,749.90 | Change: +43.50 / ±$180
[16:57:08] Frame: 16:55:00 | BTC: $69,749.90 | Change: +43.50 / ±$180
[16:57:11] Frame: 16:55:00 | BTC: $69,767.50 | Change: +61.10 / ±$180
[16:57:15] Frame: 16:55:00 | BTC: $69,767.60 | Change: +61.20 / ±$180
[16:57:18] Frame: 16:55:00 | BTC: $69,767.40 | Change: +61.00 / ±$180
[16:57:21] Frame: 16:55:00 | BTC: $69,767.40 | Change: +61.00 / ±$180
[16:57:24] Frame: 16:55:00 | BTC: $69,767.40 | Change: +61.00 / ±$180
[16:57:27] Frame: 16:55:00 | BTC: $69,767.50 | Change: +61.10 / ±$180
[16:57:30] Frame: 16:55:00 | BTC: $69,767.50 | Change: +61.10 / ±$180
[16:57:34] Frame: 16:55:00 | BTC: $69,764.10 | Change: +57.70 / ±$180
[16:57:37] Frame: 16:55:00 | BTC: $69,757.30 | Change: +50.90 / ±$180
[16:57:40] Frame: 16:55:00 | BTC: $69,757.30 | Change: +50.90 / ±$180
[16:57:43] Frame: 16:55:00 | BTC: $69,757.30 | Change: +50.90 / ±$180
[16:57:46] Frame: 16:55:00 | BTC: $69,757.30 | Change: +50.90 / ±$180
[16:57:49] Frame: 16:55:00 | BTC: $69,757.30 | Change: +50.90 / ±$180
[16:57:53] Frame: 16:55:00 | BTC: $69,757.20 | Change: +50.80 / ±$180
[16:57:56] Frame: 16:55:00 | BTC: $69,757.00 | Change: +50.60 / ±$180
[16:57:59] Frame: 16:55:00 | BTC: $69,757.00 | Change: +50.60 / ±$180
[16:58:02] Frame: 16:55:00 | BTC: $69,751.10 | Change: +44.70 / ±$180
[16:58:05] Frame: 16:55:00 | BTC: $69,747.90 | Change: +41.50 / ±$180
[16:58:09] Frame: 16:55:00 | BTC: $69,744.20 | Change: +37.80 / ±$180
[16:58:12] Frame: 16:55:00 | BTC: $69,741.10 | Change: +34.70 / ±$180
[16:58:16] Frame: 16:55:00 | BTC: $69,739.60 | Change: +33.20 / ±$180
[16:58:19] Frame: 16:55:00 | BTC: $69,739.60 | Change: +33.20 / ±$180
[16:58:21] Frame: 16:55:00 | BTC: $69,732.60 | Change: +26.20 / ±$180
[16:58:24] Frame: 16:55:00 | BTC: $69,732.60 | Change: +26.20 / ±$180
[16:58:28] Frame: 16:55:00 | BTC: $69,732.60 | Change: +26.20 / ±$180
[16:58:31] Frame: 16:55:00 | BTC: $69,729.70 | Change: +23.30 / ±$180
[16:58:33] Frame: 16:55:00 | BTC: $69,729.70 | Change: +23.30 / ±$180
[16:58:36] Frame: 16:55:00 | BTC: $69,729.70 | Change: +23.30 / ±$180
[16:58:39] Frame: 16:55:00 | BTC: $69,729.70 | Change: +23.30 / ±$180
[16:58:43] Frame: 16:55:00 | BTC: $69,729.70 | Change: +23.30 / ±$180
[16:58:47] Frame: 16:55:00 | BTC: $69,728.90 | Change: +22.50 / ±$180
[16:58:50] Frame: 16:55:00 | BTC: $69,728.80 | Change: +22.40 / ±$180
[16:58:50] ⚠️  WARNING: Timestamp stuck at same value!
[16:58:50] Frame: 16:55:00 | BTC: $69,728.80 | Change: +22.40 / ±$180
[16:58:54] Frame: 16:55:00 | BTC: $69,722.30 | Change: +15.90 / ±$180
[16:58:57] Frame: 16:55:00 | BTC: $69,722.40 | Change: +16.00 / ±$180
[16:59:00] Frame: 16:55:00 | BTC: $69,722.40 | Change: +16.00 / ±$180
[16:59:03] Frame: 16:55:00 | BTC: $69,719.90 | Change: +13.50 / ±$180
[16:59:07] Frame: 16:55:00 | BTC: $69,720.00 | Change: +13.60 / ±$180
[16:59:10] Frame: 16:55:00 | BTC: $69,720.00 | Change: +13.60 / ±$180
[16:59:13] Frame: 16:55:00 | BTC: $69,720.00 | Change: +13.60 / ±$180
[16:59:17] Frame: 16:55:00 | BTC: $69,719.90 | Change: +13.50 / ±$180
[16:59:20] Frame: 16:55:00 | BTC: $69,719.90 | Change: +13.50 / ±$180
[16:59:23] Frame: 16:55:00 | BTC: $69,719.90 | Change: +13.50 / ±$180
[16:59:26] Frame: 16:55:00 | BTC: $69,720.00 | Change: +13.60 / ±$180
[16:59:29] Frame: 16:55:00 | BTC: $69,720.00 | Change: +13.60 / ±$180
[16:59:32] Frame: 16:55:00 | BTC: $69,720.00 | Change: +13.60 / ±$180
[16:59:35] Frame: 16:55:00 | BTC: $69,720.00 | Change: +13.60 / ±$180
[16:59:38] Frame: 16:55:00 | BTC: $69,720.00 | Change: +13.60 / ±$180
[16:59:41] Frame: 16:55:00 | BTC: $69,719.90 | Change: +13.50 / ±$180
[16:59:44] Frame: 16:55:00 | BTC: $69,719.90 | Change: +13.50 / ±$180
[16:59:47] Frame: 16:55:00 | BTC: $69,734.40 | Change: +28.00 / ±$180
[16:59:51] Frame: 16:55:00 | BTC: $69,730.10 | Change: +23.70 / ±$180
[16:59:51] ⚠️  WARNING: Timestamp stuck at same value!
[16:59:51] Frame: 16:55:00 | BTC: $69,730.10 | Change: +23.70 / ±$180
[16:59:56] Frame: 16:55:00 | BTC: $69,734.30 | Change: +27.90 / ±$180
[16:59:59] Frame: 16:55:00 | BTC: $69,748.80 | Change: +42.40 / ±$180

[NEW FRAME] Now: 17:00:02 | Frame: 17:00:00 | Frame Start Price: $69,748.80
[17:00:02] Frame: 17:00:00 | BTC: $69,748.80 | Change: +0.00 / ±$180
[17:00:05] Frame: 17:00:00 | BTC: $69,743.40 | Change: -5.40 / ±$180
[17:00:08] Frame: 17:00:00 | BTC: $69,743.40 | Change: -5.40 / ±$180
[17:00:11] Frame: 17:00:00 | BTC: $69,720.30 | Change: -28.50 / ±$180
[17:00:14] Frame: 17:00:00 | BTC: $69,720.30 | Change: -28.50 / ±$180
[17:00:17] Frame: 17:00:00 | BTC: $69,720.10 | Change: -28.70 / ±$180
[17:00:20] Frame: 17:00:00 | BTC: $69,733.80 | Change: -15.00 / ±$180
[17:00:24] Frame: 17:00:00 | BTC: $69,733.80 | Change: -15.00 / ±$180
[17:00:28] Frame: 17:00:00 | BTC: $69,733.80 | Change: -15.00 / ±$180
[17:00:30] Frame: 17:00:00 | BTC: $69,733.80 | Change: -15.00 / ±$180
[17:00:33] Frame: 17:00:00 | BTC: $69,733.80 | Change: -15.00 / ±$180
[17:00:37] Frame: 17:00:00 | BTC: $69,733.90 | Change: -14.90 / ±$180
[17:00:40] Frame: 17:00:00 | BTC: $69,746.50 | Change: -2.30 / ±$180
[17:00:43] Frame: 17:00:00 | BTC: $69,746.50 | Change: -2.30 / ±$180
[17:00:46] Frame: 17:00:00 | BTC: $69,746.50 | Change: -2.30 / ±$180
[17:00:49] Frame: 17:00:00 | BTC: $69,746.50 | Change: -2.30 / ±$180
[17:00:52] Frame: 17:00:00 | BTC: $69,746.40 | Change: -2.40 / ±$180
[17:00:55] Frame: 17:00:00 | BTC: $69,755.30 | Change: +6.50 / ±$180
[17:00:59] Frame: 17:00:00 | BTC: $69,755.30 | Change: +6.50 / ±$180
[17:01:02] Frame: 17:00:00 | BTC: $69,757.60 | Change: +8.80 / ±$180
[17:01:05] Frame: 17:00:00 | BTC: $69,757.60 | Change: +8.80 / ±$180
[17:01:08] Frame: 17:00:00 | BTC: $69,757.60 | Change: +8.80 / ±$180
[17:01:11] Frame: 17:00:00 | BTC: $69,757.70 | Change: +8.90 / ±$180
[17:01:14] Frame: 17:00:00 | BTC: $69,772.40 | Change: +23.60 / ±$180
[17:01:17] Frame: 17:00:00 | BTC: $69,766.10 | Change: +17.30 / ±$180
[17:01:20] Frame: 17:00:00 | BTC: $69,766.10 | Change: +17.30 / ±$180
[17:01:23] Frame: 17:00:00 | BTC: $69,766.10 | Change: +17.30 / ±$180
[17:01:26] Frame: 17:00:00 | BTC: $69,766.10 | Change: +17.30 / ±$180
[17:01:29] Frame: 17:00:00 | BTC: $69,782.60 | Change: +33.80 / ±$180
[17:01:33] Frame: 17:00:00 | BTC: $69,782.60 | Change: +33.80 / ±$180
[17:01:36] Frame: 17:00:00 | BTC: $69,782.60 | Change: +33.80 / ±$180
[17:01:39] Frame: 17:00:00 | BTC: $69,782.60 | Change: +33.80 / ±$180
[17:01:42] Frame: 17:00:00 | BTC: $69,782.60 | Change: +33.80 / ±$180
[17:01:45] Frame: 17:00:00 | BTC: $69,781.20 | Change: +32.40 / ±$180
[17:01:48] Frame: 17:00:00 | BTC: $69,781.20 | Change: +32.40 / ±$180
[17:01:51] Frame: 17:00:00 | BTC: $69,771.50 | Change: +22.70 / ±$180
[17:01:53] Frame: 17:00:00 | BTC: $69,779.20 | Change: +30.40 / ±$180
[17:01:56] Frame: 17:00:00 | BTC: $69,769.60 | Change: +20.80 / ±$180
[17:02:00] Frame: 17:00:00 | BTC: $69,776.40 | Change: +27.60 / ±$180
[17:02:02] Frame: 17:00:00 | BTC: $69,776.00 | Change: +27.20 / ±$180
[17:02:06] Frame: 17:00:00 | BTC: $69,781.20 | Change: +32.40 / ±$180
[17:02:10] Frame: 17:00:00 | BTC: $69,781.10 | Change: +32.30 / ±$180
[17:02:12] Frame: 17:00:00 | BTC: $69,781.10 | Change: +32.30 / ±$180
[17:02:16] Frame: 17:00:00 | BTC: $69,779.80 | Change: +31.00 / ±$180
[17:02:19] Frame: 17:00:00 | BTC: $69,779.70 | Change: +30.90 / ±$180
[17:02:22] Frame: 17:00:00 | BTC: $69,785.60 | Change: +36.80 / ±$180
[17:02:24] Frame: 17:00:00 | BTC: $69,790.80 | Change: +42.00 / ±$180
[17:02:27] Frame: 17:00:00 | BTC: $69,790.80 | Change: +42.00 / ±$180
[17:02:30] Frame: 17:00:00 | BTC: $69,797.40 | Change: +48.60 / ±$180
[17:02:33] Frame: 17:00:00 | BTC: $69,797.40 | Change: +48.60 / ±$180
[17:02:36] Frame: 17:00:00 | BTC: $69,785.50 | Change: +36.70 / ±$180
[17:02:40] Frame: 17:00:00 | BTC: $69,784.20 | Change: +35.40 / ±$180
[17:02:43] Frame: 17:00:00 | BTC: $69,784.20 | Change: +35.40 / ±$180
[17:02:46] Frame: 17:00:00 | BTC: $69,782.90 | Change: +34.10 / ±$180
[17:02:49] Frame: 17:00:00 | BTC: $69,782.90 | Change: +34.10 / ±$180
[17:02:52] Frame: 17:00:00 | BTC: $69,780.10 | Change: +31.30 / ±$180
[17:02:52] ⚠️  WARNING: Timestamp stuck at same value!
[17:02:52] Frame: 17:00:00 | BTC: $69,780.10 | Change: +31.30 / ±$180
[17:02:57] Frame: 17:00:00 | BTC: $69,794.50 | Change: +45.70 / ±$180
[17:03:01] Frame: 17:00:00 | BTC: $69,798.60 | Change: +49.80 / ±$180
[17:03:04] Frame: 17:00:00 | BTC: $69,798.50 | Change: +49.70 / ±$180
[17:03:07] Frame: 17:00:00 | BTC: $69,798.60 | Change: +49.80 / ±$180
[17:03:10] Frame: 17:00:00 | BTC: $69,800.00 | Change: +51.20 / ±$180
[17:03:14] Frame: 17:00:00 | BTC: $69,810.00 | Change: +61.20 / ±$180
[17:03:17] Frame: 17:00:00 | BTC: $69,816.70 | Change: +67.90 / ±$180
[17:03:20] Frame: 17:00:00 | BTC: $69,816.70 | Change: +67.90 / ±$180
[17:03:23] Frame: 17:00:00 | BTC: $69,816.70 | Change: +67.90 / ±$180
[17:03:26] Frame: 17:00:00 | BTC: $69,816.70 | Change: +67.90 / ±$180
[17:03:29] Frame: 17:00:00 | BTC: $69,816.70 | Change: +67.90 / ±$180
[17:03:32] Frame: 17:00:00 | BTC: $69,816.60 | Change: +67.80 / ±$180
[17:03:35] Frame: 17:00:00 | BTC: $69,816.60 | Change: +67.80 / ±$180
[17:03:38] Frame: 17:00:00 | BTC: $69,813.10 | Change: +64.30 / ±$180
[17:03:41] Frame: 17:00:00 | BTC: $69,813.10 | Change: +64.30 / ±$180
[17:03:44] Frame: 17:00:00 | BTC: $69,810.10 | Change: +61.30 / ±$180
[17:03:48] Frame: 17:00:00 | BTC: $69,814.20 | Change: +65.40 / ±$180
[17:03:51] Frame: 17:00:00 | BTC: $69,811.80 | Change: +63.00 / ±$180
[17:03:54] Frame: 17:00:00 | BTC: $69,811.80 | Change: +63.00 / ±$180
[17:03:59] Frame: 17:00:00 | BTC: $69,806.00 | Change: +57.20 / ±$180
[17:04:01] Frame: 17:00:00 | BTC: $69,806.10 | Change: +57.30 / ±$180
[17:04:04] Frame: 17:00:00 | BTC: $69,811.80 | Change: +63.00 / ±$180
[17:04:08] Frame: 17:00:00 | BTC: $69,813.00 | Change: +64.20 / ±$180
[17:04:11] Frame: 17:00:00 | BTC: $69,813.00 | Change: +64.20 / ±$180
[17:04:13] Frame: 17:00:00 | BTC: $69,813.00 | Change: +64.20 / ±$180
[17:04:17] Frame: 17:00:00 | BTC: $69,815.30 | Change: +66.50 / ±$180
[17:04:21] Frame: 17:00:00 | BTC: $69,815.30 | Change: +66.50 / ±$180
[17:04:24] Frame: 17:00:00 | BTC: $69,815.30 | Change: +66.50 / ±$180
[17:04:26] Frame: 17:00:00 | BTC: $69,815.30 | Change: +66.50 / ±$180
[17:04:29] Frame: 17:00:00 | BTC: $69,815.20 | Change: +66.40 / ±$180
[17:04:32] Frame: 17:00:00 | BTC: $69,811.00 | Change: +62.20 / ±$180
[17:04:35] Frame: 17:00:00 | BTC: $69,811.00 | Change: +62.20 / ±$180
[17:04:38] Frame: 17:00:00 | BTC: $69,800.00 | Change: +51.20 / ±$180
[17:04:42] Frame: 17:00:00 | BTC: $69,797.90 | Change: +49.10 / ±$180
[17:04:45] Frame: 17:00:00 | BTC: $69,794.40 | Change: +45.60 / ±$180
[17:04:48] Frame: 17:00:00 | BTC: $69,794.40 | Change: +45.60 / ±$180
[17:04:51] Frame: 17:00:00 | BTC: $69,786.20 | Change: +37.40 / ±$180
[17:04:55] Frame: 17:00:00 | BTC: $69,781.80 | Change: +33.00 / ±$180
[17:04:55] ⚠️  WARNING: Timestamp stuck at same value!
[17:04:55] Frame: 17:00:00 | BTC: $69,781.80 | Change: +33.00 / ±$180

[NEW FRAME] Now: 17:05:00 | Frame: 17:05:00 | Frame Start Price: $69,780.40
[17:05:00] Frame: 17:05:00 | BTC: $69,780.40 | Change: +0.00 / ±$180
[17:05:02] Frame: 17:05:00 | BTC: $69,775.00 | Change: -5.40 / ±$180
[17:05:05] Frame: 17:05:00 | BTC: $69,774.90 | Change: -5.50 / ±$180
[17:05:08] Frame: 17:05:00 | BTC: $69,780.30 | Change: -0.10 / ±$180
[17:05:11] Frame: 17:05:00 | BTC: $69,780.20 | Change: -0.20 / ±$180
[17:05:14] Frame: 17:05:00 | BTC: $69,795.60 | Change: +15.20 / ±$180
[17:05:18] Frame: 17:05:00 | BTC: $69,797.00 | Change: +16.60 / ±$180
[17:05:21] Frame: 17:05:00 | BTC: $69,800.20 | Change: +19.80 / ±$180
[17:05:24] Frame: 17:05:00 | BTC: $69,804.40 | Change: +24.00 / ±$180
[17:05:28] Frame: 17:05:00 | BTC: $69,804.40 | Change: +24.00 / ±$180
[17:05:31] Frame: 17:05:00 | BTC: $69,807.00 | Change: +26.60 / ±$180
[17:05:34] Frame: 17:05:00 | BTC: $69,807.00 | Change: +26.60 / ±$180
[17:05:37] Frame: 17:05:00 | BTC: $69,811.00 | Change: +30.60 / ±$180
[17:05:40] Frame: 17:05:00 | BTC: $69,811.10 | Change: +30.70 / ±$180
[17:05:43] Frame: 17:05:00 | BTC: $69,811.10 | Change: +30.70 / ±$180
[17:05:46] Frame: 17:05:00 | BTC: $69,809.00 | Change: +28.60 / ±$180
[17:05:49] Frame: 17:05:00 | BTC: $69,809.00 | Change: +28.60 / ±$180
[17:05:52] Frame: 17:05:00 | BTC: $69,815.50 | Change: +35.10 / ±$180
[17:05:55] Frame: 17:05:00 | BTC: $69,809.00 | Change: +28.60 / ±$180
[17:06:00] Frame: 17:05:00 | BTC: $69,815.50 | Change: +35.10 / ±$180
[17:06:04] Frame: 17:05:00 | BTC: $69,815.40 | Change: +35.00 / ±$180
[17:06:07] Frame: 17:05:00 | BTC: $69,814.10 | Change: +33.70 / ±$180
[17:06:10] Frame: 17:05:00 | BTC: $69,814.10 | Change: +33.70 / ±$180
[17:06:13] Frame: 17:05:00 | BTC: $69,828.50 | Change: +48.10 / ±$180
[17:06:15] Frame: 17:05:00 | BTC: $69,841.30 | Change: +60.90 / ±$180
[17:06:18] Frame: 17:05:00 | BTC: $69,841.30 | Change: +60.90 / ±$180
[17:06:21] Frame: 17:05:00 | BTC: $69,839.10 | Change: +58.70 / ±$180
[17:06:24] Frame: 17:05:00 | BTC: $69,829.20 | Change: +48.80 / ±$180
[17:06:28] Frame: 17:05:00 | BTC: $69,829.30 | Change: +48.90 / ±$180
[17:06:31] Frame: 17:05:00 | BTC: $69,829.30 | Change: +48.90 / ±$180
[17:06:34] Frame: 17:05:00 | BTC: $69,829.30 | Change: +48.90 / ±$180
[17:06:38] Frame: 17:05:00 | BTC: $69,829.30 | Change: +48.90 / ±$180
[17:06:41] Frame: 17:05:00 | BTC: $69,829.60 | Change: +49.20 / ±$180
[17:06:44] Frame: 17:05:00 | BTC: $69,829.20 | Change: +48.80 / ±$180
[17:06:47] Frame: 17:05:00 | BTC: $69,837.80 | Change: +57.40 / ±$180
[17:06:50] Frame: 17:05:00 | BTC: $69,833.90 | Change: +53.50 / ±$180
[17:06:53] Frame: 17:05:00 | BTC: $69,832.50 | Change: +52.10 / ±$180
[17:06:56] Frame: 17:05:00 | BTC: $69,832.50 | Change: +52.10 / ±$180
[17:06:56] ⚠️  WARNING: Timestamp stuck at same value!
[17:06:56] Frame: 17:05:00 | BTC: $69,832.50 | Change: +52.10 / ±$180
[17:07:00] Frame: 17:05:00 | BTC: $69,830.10 | Change: +49.70 / ±$180
[17:07:03] Frame: 17:05:00 | BTC: $69,830.00 | Change: +49.60 / ±$180
[17:07:07] Frame: 17:05:00 | BTC: $69,830.10 | Change: +49.70 / ±$180
[17:07:11] Frame: 17:05:00 | BTC: $69,830.10 | Change: +49.70 / ±$180
[17:07:14] Frame: 17:05:00 | BTC: $69,830.10 | Change: +49.70 / ±$180
[17:07:17] Frame: 17:05:00 | BTC: $69,830.10 | Change: +49.70 / ±$180
[17:07:20] Frame: 17:05:00 | BTC: $69,830.10 | Change: +49.70 / ±$180
[17:07:23] Frame: 17:05:00 | BTC: $69,830.10 | Change: +49.70 / ±$180
[17:07:26] Frame: 17:05:00 | BTC: $69,825.30 | Change: +44.90 / ±$180
[17:07:29] Frame: 17:05:00 | BTC: $69,832.40 | Change: +52.00 / ±$180
[17:07:32] Frame: 17:05:00 | BTC: $69,830.00 | Change: +49.60 / ±$180
[17:07:35] Frame: 17:05:00 | BTC: $69,835.40 | Change: +55.00 / ±$180
[17:07:38] Frame: 17:05:00 | BTC: $69,835.50 | Change: +55.10 / ±$180
[17:07:41] Frame: 17:05:00 | BTC: $69,834.10 | Change: +53.70 / ±$180
[17:07:45] Frame: 17:05:00 | BTC: $69,834.10 | Change: +53.70 / ±$180
[17:07:49] Frame: 17:05:00 | BTC: $69,832.70 | Change: +52.30 / ±$180
[17:07:52] Frame: 17:05:00 | BTC: $69,836.40 | Change: +56.00 / ±$180
[17:07:55] Frame: 17:05:00 | BTC: $69,841.30 | Change: +60.90 / ±$180
[17:07:58] Frame: 17:05:00 | BTC: $69,841.30 | Change: +60.90 / ±$180
[17:08:01] Frame: 17:05:00 | BTC: $69,841.20 | Change: +60.80 / ±$180
[17:08:04] Frame: 17:05:00 | BTC: $69,834.90 | Change: +54.50 / ±$180
[17:08:07] Frame: 17:05:00 | BTC: $69,841.30 | Change: +60.90 / ±$180
[17:08:10] Frame: 17:05:00 | BTC: $69,841.30 | Change: +60.90 / ±$180
[17:08:14] Frame: 17:05:00 | BTC: $69,832.70 | Change: +52.30 / ±$180
[17:08:18] Frame: 17:05:00 | BTC: $69,832.70 | Change: +52.30 / ±$180
[17:08:21] Frame: 17:05:00 | BTC: $69,829.90 | Change: +49.50 / ±$180
[17:08:24] Frame: 17:05:00 | BTC: $69,831.30 | Change: +50.90 / ±$180
[17:08:27] Frame: 17:05:00 | BTC: $69,837.40 | Change: +57.00 / ±$180
[17:08:30] Frame: 17:05:00 | BTC: $69,842.90 | Change: +62.50 / ±$180
[17:08:33] Frame: 17:05:00 | BTC: $69,842.90 | Change: +62.50 / ±$180
[17:08:35] Frame: 17:05:00 | BTC: $69,839.40 | Change: +59.00 / ±$180
[17:08:38] Frame: 17:05:00 | BTC: $69,839.30 | Change: +58.90 / ±$180
[17:08:41] Frame: 17:05:00 | BTC: $69,848.90 | Change: +68.50 / ±$180
[17:08:44] Frame: 17:05:00 | BTC: $69,838.80 | Change: +58.40 / ±$180
[17:08:48] Frame: 17:05:00 | BTC: $69,837.40 | Change: +57.00 / ±$180
[17:08:52] Frame: 17:05:00 | BTC: $69,832.90 | Change: +52.50 / ±$180
[17:08:54] Frame: 17:05:00 | BTC: $69,836.30 | Change: +55.90 / ±$180
[17:08:58] Frame: 17:05:00 | BTC: $69,830.90 | Change: +50.50 / ±$180
[17:08:58] ⚠️  WARNING: Timestamp stuck at same value!
[17:08:58] Frame: 17:05:00 | BTC: $69,830.90 | Change: +50.50 / ±$180
[17:09:02] Frame: 17:05:00 | BTC: $69,835.60 | Change: +55.20 / ±$180
[17:09:05] Frame: 17:05:00 | BTC: $69,835.60 | Change: +55.20 / ±$180
[17:09:09] Frame: 17:05:00 | BTC: $69,835.60 | Change: +55.20 / ±$180
[17:09:12] Frame: 17:05:00 | BTC: $69,832.30 | Change: +51.90 / ±$180
[17:09:14] Frame: 17:05:00 | BTC: $69,837.30 | Change: +56.90 / ±$180
[17:09:17] Frame: 17:05:00 | BTC: $69,837.30 | Change: +56.90 / ±$180
[17:09:21] Frame: 17:05:00 | BTC: $69,832.70 | Change: +52.30 / ±$180
[17:09:24] Frame: 17:05:00 | BTC: $69,832.70 | Change: +52.30 / ±$180
[17:09:28] Frame: 17:05:00 | BTC: $69,832.60 | Change: +52.20 / ±$180
[17:09:31] Frame: 17:05:00 | BTC: $69,832.70 | Change: +52.30 / ±$180
[17:09:34] Frame: 17:05:00 | BTC: $69,831.30 | Change: +50.90 / ±$180
[17:09:37] Frame: 17:05:00 | BTC: $69,829.90 | Change: +49.50 / ±$180
[17:09:40] Frame: 17:05:00 | BTC: $69,830.00 | Change: +49.60 / ±$180
[17:09:43] Frame: 17:05:00 | BTC: $69,830.00 | Change: +49.60 / ±$180
[17:09:46] Frame: 17:05:00 | BTC: $69,837.30 | Change: +56.90 / ±$180
[17:09:49] Frame: 17:05:00 | BTC: $69,837.30 | Change: +56.90 / ±$180
[17:09:52] Frame: 17:05:00 | BTC: $69,850.50 | Change: +70.10 / ±$180
[17:09:55] Frame: 17:05:00 | BTC: $69,850.50 | Change: +70.10 / ±$180
[17:09:59] Frame: 17:05:00 | BTC: $69,850.50 | Change: +70.10 / ±$180
[17:09:59] ⚠️  WARNING: Timestamp stuck at same value!

[NEW FRAME] Now: 17:09:59 | Frame: 17:10:00 | Frame Start Price: $69,850.50
[17:09:59] Frame: 17:10:00 | BTC: $69,850.50 | Change: +0.00 / ±$180
[17:10:04] Frame: 17:10:00 | BTC: $69,850.50 | Change: +0.00 / ±$180
[17:10:07] Frame: 17:10:00 | BTC: $69,850.40 | Change: -0.10 / ±$180
[17:10:10] Frame: 17:10:00 | BTC: $69,850.40 | Change: -0.10 / ±$180
[17:10:13] Frame: 17:10:00 | BTC: $69,845.70 | Change: -4.80 / ±$180
[17:10:16] Frame: 17:10:00 | BTC: $69,847.10 | Change: -3.40 / ±$180
[17:10:18] Frame: 17:10:00 | BTC: $69,848.00 | Change: -2.50 / ±$180
[17:10:21] Frame: 17:10:00 | BTC: $69,848.60 | Change: -1.90 / ±$180
[17:10:24] Frame: 17:10:00 | BTC: $69,848.60 | Change: -1.90 / ±$180
[17:10:27] Frame: 17:10:00 | BTC: $69,848.50 | Change: -2.00 / ±$180
[17:10:30] Frame: 17:10:00 | BTC: $69,850.60 | Change: +0.10 / ±$180
[17:10:34] Frame: 17:10:00 | BTC: $69,850.50 | Change: +0.00 / ±$180
[17:10:37] Frame: 17:10:00 | BTC: $69,850.50 | Change: +0.00 / ±$180
[17:10:40] Frame: 17:10:00 | BTC: $69,843.80 | Change: -6.70 / ±$180
[17:10:43] Frame: 17:10:00 | BTC: $69,824.00 | Change: -26.50 / ±$180
[17:10:46] Frame: 17:10:00 | BTC: $69,831.20 | Change: -19.30 / ±$180
[17:10:49] Frame: 17:10:00 | BTC: $69,835.10 | Change: -15.40 / ±$180
[17:10:52] Frame: 17:10:00 | BTC: $69,835.10 | Change: -15.40 / ±$180
[17:10:55] Frame: 17:10:00 | BTC: $69,849.20 | Change: -1.30 / ±$180
[17:10:58] Frame: 17:10:00 | BTC: $69,849.20 | Change: -1.30 / ±$180
[17:11:02] Frame: 17:10:00 | BTC: $69,850.30 | Change: -0.20 / ±$180
[17:11:06] Frame: 17:10:00 | BTC: $69,850.30 | Change: -0.20 / ±$180
[17:11:09] Frame: 17:10:00 | BTC: $69,846.00 | Change: -4.50 / ±$180
[17:11:12] Frame: 17:10:00 | BTC: $69,850.20 | Change: -0.30 / ±$180
[17:11:15] Frame: 17:10:00 | BTC: $69,850.20 | Change: -0.30 / ±$180
[17:11:18] Frame: 17:10:00 | BTC: $69,850.20 | Change: -0.30 / ±$180
[17:11:21] Frame: 17:10:00 | BTC: $69,850.20 | Change: -0.30 / ±$180
[17:11:24] Frame: 17:10:00 | BTC: $69,850.20 | Change: -0.30 / ±$180
[17:11:27] Frame: 17:10:00 | BTC: $69,841.10 | Change: -9.40 / ±$180
[17:11:30] Frame: 17:10:00 | BTC: $69,841.10 | Change: -9.40 / ±$180
[17:11:33] Frame: 17:10:00 | BTC: $69,841.10 | Change: -9.40 / ±$180
[17:11:36] Frame: 17:10:00 | BTC: $69,837.30 | Change: -13.20 / ±$180
[17:11:40] Frame: 17:10:00 | BTC: $69,837.30 | Change: -13.20 / ±$180
[17:11:44] Frame: 17:10:00 | BTC: $69,836.00 | Change: -14.50 / ±$180
[17:11:47] Frame: 17:10:00 | BTC: $69,836.00 | Change: -14.50 / ±$180
[17:11:50] Frame: 17:10:00 | BTC: $69,836.00 | Change: -14.50 / ±$180
[17:11:53] Frame: 17:10:00 | BTC: $69,836.00 | Change: -14.50 / ±$180
[17:11:56] Frame: 17:10:00 | BTC: $69,836.00 | Change: -14.50 / ±$180
[17:11:59] Frame: 17:10:00 | BTC: $69,836.00 | Change: -14.50 / ±$180
[17:12:02] Frame: 17:10:00 | BTC: $69,839.90 | Change: -10.60 / ±$180
[17:12:05] Frame: 17:10:00 | BTC: $69,840.00 | Change: -10.50 / ±$180
[17:12:08] Frame: 17:10:00 | BTC: $69,840.00 | Change: -10.50 / ±$180
[17:12:11] Frame: 17:10:00 | BTC: $69,839.90 | Change: -10.60 / ±$180
[17:12:15] Frame: 17:10:00 | BTC: $69,839.90 | Change: -10.60 / ±$180
[17:12:18] Frame: 17:10:00 | BTC: $69,844.60 | Change: -5.90 / ±$180
[17:12:21] Frame: 17:10:00 | BTC: $69,841.00 | Change: -9.50 / ±$180
[17:12:24] Frame: 17:10:00 | BTC: $69,841.00 | Change: -9.50 / ±$180
[17:12:28] Frame: 17:10:00 | BTC: $69,841.00 | Change: -9.50 / ±$180
[17:12:31] Frame: 17:10:00 | BTC: $69,841.00 | Change: -9.50 / ±$180
[17:12:33] Frame: 17:10:00 | BTC: $69,840.90 | Change: -9.60 / ±$180
[17:12:37] Frame: 17:10:00 | BTC: $69,841.00 | Change: -9.50 / ±$180
[17:12:40] Frame: 17:10:00 | BTC: $69,841.00 | Change: -9.50 / ±$180
[17:12:42] Frame: 17:10:00 | BTC: $69,841.00 | Change: -9.50 / ±$180
[17:12:46] Frame: 17:10:00 | BTC: $69,845.90 | Change: -4.60 / ±$180
[17:12:50] Frame: 17:10:00 | BTC: $69,845.90 | Change: -4.60 / ±$180
[17:12:54] Frame: 17:10:00 | BTC: $69,846.00 | Change: -4.50 / ±$180
[17:12:57] Frame: 17:10:00 | BTC: $69,845.90 | Change: -4.60 / ±$180
[17:13:00] Frame: 17:10:00 | BTC: $69,845.00 | Change: -5.50 / ±$180
[17:13:03] Frame: 17:10:00 | BTC: $69,845.00 | Change: -5.50 / ±$180
[17:13:05] Frame: 17:10:00 | BTC: $69,842.50 | Change: -8.00 / ±$180
[17:13:08] Frame: 17:10:00 | BTC: $69,845.30 | Change: -5.20 / ±$180
[17:13:11] Frame: 17:10:00 | BTC: $69,842.30 | Change: -8.20 / ±$180
[17:13:14] Frame: 17:10:00 | BTC: $69,842.40 | Change: -8.10 / ±$180
[17:13:18] Frame: 17:10:00 | BTC: $69,826.50 | Change: -24.00 / ±$180
[17:13:22] Frame: 17:10:00 | BTC: $69,828.70 | Change: -21.80 / ±$180
[17:13:25] Frame: 17:10:00 | BTC: $69,828.70 | Change: -21.80 / ±$180
[17:13:29] Frame: 17:10:00 | BTC: $69,832.90 | Change: -17.60 / ±$180
[17:13:32] Frame: 17:10:00 | BTC: $69,836.10 | Change: -14.40 / ±$180
[17:13:34] Frame: 17:10:00 | BTC: $69,836.10 | Change: -14.40 / ±$180
[17:13:38] Frame: 17:10:00 | BTC: $69,836.10 | Change: -14.40 / ±$180
[17:13:41] Frame: 17:10:00 | BTC: $69,836.10 | Change: -14.40 / ±$180
[17:13:44] Frame: 17:10:00 | BTC: $69,838.90 | Change: -11.60 / ±$180
[17:13:47] Frame: 17:10:00 | BTC: $69,842.90 | Change: -7.60 / ±$180
[17:13:50] Frame: 17:10:00 | BTC: $69,843.00 | Change: -7.50 / ±$180
[17:13:53] Frame: 17:10:00 | BTC: $69,843.00 | Change: -7.50 / ±$180
[17:13:57] Frame: 17:10:00 | BTC: $69,823.80 | Change: -26.70 / ±$180
[17:14:00] Frame: 17:10:00 | BTC: $69,823.80 | Change: -26.70 / ±$180
[17:14:03] Frame: 17:10:00 | BTC: $69,834.00 | Change: -16.50 / ±$180
[17:14:06] Frame: 17:10:00 | BTC: $69,832.50 | Change: -18.00 / ±$180
[17:14:09] Frame: 17:10:00 | BTC: $69,832.50 | Change: -18.00 / ±$180
[17:14:12] Frame: 17:10:00 | BTC: $69,827.10 | Change: -23.40 / ±$180
[17:14:15] Frame: 17:10:00 | BTC: $69,827.00 | Change: -23.50 / ±$180
[17:14:18] Frame: 17:10:00 | BTC: $69,827.00 | Change: -23.50 / ±$180
[17:14:21] Frame: 17:10:00 | BTC: $69,827.00 | Change: -23.50 / ±$180
[17:14:24] Frame: 17:10:00 | BTC: $69,827.00 | Change: -23.50 / ±$180
[17:14:28] Frame: 17:10:00 | BTC: $69,827.10 | Change: -23.40 / ±$180
[17:14:32] Frame: 17:10:00 | BTC: $69,827.10 | Change: -23.40 / ±$180
[17:14:34] Frame: 17:10:00 | BTC: $69,827.10 | Change: -23.40 / ±$180
[17:14:38] Frame: 17:10:00 | BTC: $69,824.10 | Change: -26.40 / ±$180
[17:14:41] Frame: 17:10:00 | BTC: $69,824.00 | Change: -26.50 / ±$180
[17:14:44] Frame: 17:10:00 | BTC: $69,824.00 | Change: -26.50 / ±$180
[17:14:47] Frame: 17:10:00 | BTC: $69,828.10 | Change: -22.40 / ±$180
[17:14:50] Frame: 17:10:00 | BTC: $69,833.50 | Change: -17.00 / ±$180
[17:14:53] Frame: 17:10:00 | BTC: $69,833.50 | Change: -17.00 / ±$180
[17:14:55] Frame: 17:10:00 | BTC: $69,833.50 | Change: -17.00 / ±$180
[17:14:59] Frame: 17:10:00 | BTC: $69,841.10 | Change: -9.40 / ±$180

[NEW FRAME] Now: 17:15:02 | Frame: 17:15:00 | Frame Start Price: $69,841.10
[17:15:02] Frame: 17:15:00 | BTC: $69,841.10 | Change: +0.00 / ±$180
[17:15:06] Frame: 17:15:00 | BTC: $69,872.10 | Change: +31.00 / ±$180
[17:15:09] Frame: 17:15:00 | BTC: $69,872.10 | Change: +31.00 / ±$180
[17:15:13] Frame: 17:15:00 | BTC: $69,847.70 | Change: +6.60 / ±$180
[17:15:16] Frame: 17:15:00 | BTC: $69,847.70 | Change: +6.60 / ±$180
[17:15:19] Frame: 17:15:00 | BTC: $69,843.60 | Change: +2.50 / ±$180
[17:15:22] Frame: 17:15:00 | BTC: $69,842.20 | Change: +1.10 / ±$180
[17:15:25] Frame: 17:15:00 | BTC: $69,838.50 | Change: -2.60 / ±$180
[17:15:28] Frame: 17:15:00 | BTC: $69,833.40 | Change: -7.70 / ±$180
[17:15:31] Frame: 17:15:00 | BTC: $69,833.40 | Change: -7.70 / ±$180
[17:15:34] Frame: 17:15:00 | BTC: $69,830.90 | Change: -10.20 / ±$180
[17:15:38] Frame: 17:15:00 | BTC: $69,830.90 | Change: -10.20 / ±$180
[17:15:41] Frame: 17:15:00 | BTC: $69,830.90 | Change: -10.20 / ±$180
[17:15:44] Frame: 17:15:00 | BTC: $69,826.30 | Change: -14.80 / ±$180
[17:15:47] Frame: 17:15:00 | BTC: $69,833.30 | Change: -7.80 / ±$180
[17:15:50] Frame: 17:15:00 | BTC: $69,833.40 | Change: -7.70 / ±$180
[17:15:54] Frame: 17:15:00 | BTC: $69,833.40 | Change: -7.70 / ±$180
[17:15:57] Frame: 17:15:00 | BTC: $69,838.10 | Change: -3.00 / ±$180
[17:16:01] Frame: 17:15:00 | BTC: $69,838.10 | Change: -3.00 / ±$180
[17:16:04] Frame: 17:15:00 | BTC: $69,829.60 | Change: -11.50 / ±$180
[17:16:07] Frame: 17:15:00 | BTC: $69,828.20 | Change: -12.90 / ±$180
[17:16:11] Frame: 17:15:00 | BTC: $69,837.60 | Change: -3.50 / ±$180
[17:16:14] Frame: 17:15:00 | BTC: $69,838.80 | Change: -2.30 / ±$180
[17:16:17] Frame: 17:15:00 | BTC: $69,838.80 | Change: -2.30 / ±$180
[17:16:20] Frame: 17:15:00 | BTC: $69,838.80 | Change: -2.30 / ±$180
[17:16:24] Frame: 17:15:00 | BTC: $69,842.30 | Change: +1.20 / ±$180
[17:16:27] Frame: 17:15:00 | BTC: $69,842.20 | Change: +1.10 / ±$180
[17:16:30] Frame: 17:15:00 | BTC: $69,842.20 | Change: +1.10 / ±$180
[17:16:33] Frame: 17:15:00 | BTC: $69,842.20 | Change: +1.10 / ±$180
[17:16:36] Frame: 17:15:00 | BTC: $69,846.80 | Change: +5.70 / ±$180
[17:16:39] Frame: 17:15:00 | BTC: $69,846.70 | Change: +5.60 / ±$180
[17:16:42] Frame: 17:15:00 | BTC: $69,846.80 | Change: +5.70 / ±$180
[17:16:46] Frame: 17:15:00 | BTC: $69,846.70 | Change: +5.60 / ±$180
[17:16:49] Frame: 17:15:00 | BTC: $69,846.70 | Change: +5.60 / ±$180
[17:16:52] Frame: 17:15:00 | BTC: $69,846.80 | Change: +5.70 / ±$180
[17:16:55] Frame: 17:15:00 | BTC: $69,846.80 | Change: +5.70 / ±$180
[17:16:58] Frame: 17:15:00 | BTC: $69,846.70 | Change: +5.60 / ±$180
[17:17:01] Frame: 17:15:00 | BTC: $69,846.80 | Change: +5.70 / ±$180
[17:17:03] Frame: 17:15:00 | BTC: $69,846.80 | Change: +5.70 / ±$180
[17:17:08] Frame: 17:15:00 | BTC: $69,830.40 | Change: -10.70 / ±$180
[17:17:11] Frame: 17:15:00 | BTC: $69,830.30 | Change: -10.80 / ±$180
[17:17:14] Frame: 17:15:00 | BTC: $69,826.60 | Change: -14.50 / ±$180
[17:17:18] Frame: 17:15:00 | BTC: $69,826.50 | Change: -14.60 / ±$180
[17:17:21] Frame: 17:15:00 | BTC: $69,826.50 | Change: -14.60 / ±$180
[17:17:24] Frame: 17:15:00 | BTC: $69,815.00 | Change: -26.10 / ±$180
[17:17:27] Frame: 17:15:00 | BTC: $69,814.90 | Change: -26.20 / ±$180
[17:17:30] Frame: 17:15:00 | BTC: $69,815.10 | Change: -26.00 / ±$180
[17:17:34] Frame: 17:15:00 | BTC: $69,815.10 | Change: -26.00 / ±$180
[17:17:37] Frame: 17:15:00 | BTC: $69,819.10 | Change: -22.00 / ±$180
[17:17:40] Frame: 17:15:00 | BTC: $69,819.20 | Change: -21.90 / ±$180
[17:17:42] Frame: 17:15:00 | BTC: $69,819.20 | Change: -21.90 / ±$180
[17:17:45] Frame: 17:15:00 | BTC: $69,819.10 | Change: -22.00 / ±$180
[17:17:48] Frame: 17:15:00 | BTC: $69,816.40 | Change: -24.70 / ±$180
[17:17:53] Frame: 17:15:00 | BTC: $69,815.00 | Change: -26.10 / ±$180
[17:17:56] Frame: 17:15:00 | BTC: $69,814.60 | Change: -26.50 / ±$180
[17:17:59] Frame: 17:15:00 | BTC: $69,818.40 | Change: -22.70 / ±$180
[17:18:02] Frame: 17:15:00 | BTC: $69,818.40 | Change: -22.70 / ±$180
[17:18:05] Frame: 17:15:00 | BTC: $69,818.40 | Change: -22.70 / ±$180
[17:18:05] ⚠️  WARNING: Timestamp stuck at same value!
[17:18:05] Frame: 17:15:00 | BTC: $69,818.40 | Change: -22.70 / ±$180
[17:18:10] Frame: 17:15:00 | BTC: $69,822.50 | Change: -18.60 / ±$180
[17:18:13] Frame: 17:15:00 | BTC: $69,822.50 | Change: -18.60 / ±$180
[17:18:16] Frame: 17:15:00 | BTC: $69,833.30 | Change: -7.80 / ±$180
[17:18:19] Frame: 17:15:00 | BTC: $69,833.30 | Change: -7.80 / ±$180
[17:18:22] Frame: 17:15:00 | BTC: $69,837.50 | Change: -3.60 / ±$180
[17:18:26] Frame: 17:15:00 | BTC: $69,837.50 | Change: -3.60 / ±$180
[17:18:29] Frame: 17:15:00 | BTC: $69,837.50 | Change: -3.60 / ±$180
[17:18:32] Frame: 17:15:00 | BTC: $69,837.40 | Change: -3.70 / ±$180
[17:18:35] Frame: 17:15:00 | BTC: $69,840.20 | Change: -0.90 / ±$180
[17:18:38] Frame: 17:15:00 | BTC: $69,840.20 | Change: -0.90 / ±$180
[17:18:41] Frame: 17:15:00 | BTC: $69,842.30 | Change: +1.20 / ±$180
[17:18:45] Frame: 17:15:00 | BTC: $69,841.00 | Change: -0.10 / ±$180
[17:18:48] Frame: 17:15:00 | BTC: $69,839.60 | Change: -1.50 / ±$180
[17:18:50] Frame: 17:15:00 | BTC: $69,839.60 | Change: -1.50 / ±$180
[17:18:53] Frame: 17:15:00 | BTC: $69,829.30 | Change: -11.80 / ±$180
[17:18:56] Frame: 17:15:00 | BTC: $69,825.80 | Change: -15.30 / ±$180
[17:19:00] Frame: 17:15:00 | BTC: $69,825.80 | Change: -15.30 / ±$180
[17:19:03] Frame: 17:15:00 | BTC: $69,825.80 | Change: -15.30 / ±$180
[17:19:06] Frame: 17:15:00 | BTC: $69,811.50 | Change: -29.60 / ±$180
[17:19:06] ⚠️  WARNING: Timestamp stuck at same value!
[17:19:06] Frame: 17:15:00 | BTC: $69,811.50 | Change: -29.60 / ±$180
[17:19:11] Frame: 17:15:00 | BTC: $69,811.50 | Change: -29.60 / ±$180
[17:19:14] Frame: 17:15:00 | BTC: $69,811.50 | Change: -29.60 / ±$180
[17:19:18] Frame: 17:15:00 | BTC: $69,808.90 | Change: -32.20 / ±$180
[17:19:21] Frame: 17:15:00 | BTC: $69,802.80 | Change: -38.30 / ±$180
[17:19:24] Frame: 17:15:00 | BTC: $69,802.80 | Change: -38.30 / ±$180
[17:19:27] Frame: 17:15:00 | BTC: $69,802.20 | Change: -38.90 / ±$180
[17:19:30] Frame: 17:15:00 | BTC: $69,810.00 | Change: -31.10 / ±$180
[17:19:34] Frame: 17:15:00 | BTC: $69,809.90 | Change: -31.20 / ±$180
[17:19:37] Frame: 17:15:00 | BTC: $69,809.90 | Change: -31.20 / ±$180
[17:19:40] Frame: 17:15:00 | BTC: $69,809.90 | Change: -31.20 / ±$180
[17:19:43] Frame: 17:15:00 | BTC: $69,803.70 | Change: -37.40 / ±$180
[17:19:46] Frame: 17:15:00 | BTC: $69,802.30 | Change: -38.80 / ±$180
[17:19:49] Frame: 17:15:00 | BTC: $69,802.30 | Change: -38.80 / ±$180
[17:19:52] Frame: 17:15:00 | BTC: $69,802.20 | Change: -38.90 / ±$180
[17:19:55] Frame: 17:15:00 | BTC: $69,802.30 | Change: -38.80 / ±$180
[17:19:57] Frame: 17:15:00 | BTC: $69,802.20 | Change: -38.90 / ±$180

[NEW FRAME] Now: 17:20:00 | Frame: 17:20:00 | Frame Start Price: $69,802.30
[17:20:00] Frame: 17:20:00 | BTC: $69,802.30 | Change: +0.00 / ±$180
[17:20:03] Frame: 17:20:00 | BTC: $69,802.30 | Change: +0.00 / ±$180
[17:20:08] Frame: 17:20:00 | BTC: $69,800.00 | Change: -2.30 / ±$180
[17:20:11] Frame: 17:20:00 | BTC: $69,800.00 | Change: -2.30 / ±$180
[17:20:14] Frame: 17:20:00 | BTC: $69,797.20 | Change: -5.10 / ±$180
[17:20:17] Frame: 17:20:00 | BTC: $69,792.90 | Change: -9.40 / ±$180
[17:20:20] Frame: 17:20:00 | BTC: $69,792.80 | Change: -9.50 / ±$180
[17:20:23] Frame: 17:20:00 | BTC: $69,792.80 | Change: -9.50 / ±$180
[17:20:26] Frame: 17:20:00 | BTC: $69,790.10 | Change: -12.20 / ±$180
[17:20:29] Frame: 17:20:00 | BTC: $69,791.40 | Change: -10.90 / ±$180
[17:20:32] Frame: 17:20:00 | BTC: $69,766.20 | Change: -36.10 / ±$180
[17:20:35] Frame: 17:20:00 | BTC: $69,766.20 | Change: -36.10 / ±$180
[17:20:38] Frame: 17:20:00 | BTC: $69,763.70 | Change: -38.60 / ±$180
[17:20:42] Frame: 17:20:00 | BTC: $69,700.90 | Change: -101.40 / ±$180
[17:20:45] Frame: 17:20:00 | BTC: $69,700.90 | Change: -101.40 / ±$180
[17:20:49] Frame: 17:20:00 | BTC: $69,700.90 | Change: -101.40 / ±$180
[17:20:51] Frame: 17:20:00 | BTC: $69,681.40 | Change: -120.90 / ±$180
[17:20:54] Frame: 17:20:00 | BTC: $69,658.20 | Change: -144.10 / ±$180
[17:20:57] Frame: 17:20:00 | BTC: $69,658.20 | Change: -144.10 / ±$180
[17:21:00] Frame: 17:20:00 | BTC: $69,658.20 | Change: -144.10 / ±$180
[17:21:04] Frame: 17:20:00 | BTC: $69,644.20 | Change: -158.10 / ±$180
[17:21:07] Frame: 17:20:00 | BTC: $69,654.80 | Change: -147.50 / ±$180
[17:21:10] Frame: 17:20:00 | BTC: $69,654.80 | Change: -147.50 / ±$180
[17:21:13] Frame: 17:20:00 | BTC: $69,624.90 | Change: -177.40 / ±$180
[SIGNAL] 🔴 DECREASE SIGNAL @ 17:21:17 | Frame: 17:20:00 | BTC: $69,589.80 | Change: -$212.50 from $69,802.30
[17:21:20] Frame: 17:20:00 | BTC: $69,575.30 | Change: -227.00 (Signal triggered)
[17:21:23] Frame: 17:20:00 | BTC: $69,598.20 | Change: -204.10 (Signal triggered)
[17:21:26] Frame: 17:20:00 | BTC: $69,580.50 | Change: -221.80 (Signal triggered)
[17:21:29] Frame: 17:20:00 | BTC: $69,585.80 | Change: -216.50 (Signal triggered)
[17:21:32] Frame: 17:20:00 | BTC: $69,585.80 | Change: -216.50 (Signal triggered)
[17:21:35] Frame: 17:20:00 | BTC: $69,592.70 | Change: -209.60 (Signal triggered)
[17:21:38] Frame: 17:20:00 | BTC: $69,592.70 | Change: -209.60 (Signal triggered)
[17:21:41] Frame: 17:20:00 | BTC: $69,589.20 | Change: -213.10 (Signal triggered)
[17:21:44] Frame: 17:20:00 | BTC: $69,587.70 | Change: -214.60 (Signal triggered)
[17:21:47] Frame: 17:20:00 | BTC: $69,587.70 | Change: -214.60 (Signal triggered)
[17:21:51] Frame: 17:20:00 | BTC: $69,568.10 | Change: -234.20 (Signal triggered)
[17:21:54] Frame: 17:20:00 | BTC: $69,568.10 | Change: -234.20 (Signal triggered)
[17:21:58] Frame: 17:20:00 | BTC: $69,563.80 | Change: -238.50 (Signal triggered)
[17:22:00] Frame: 17:20:00 | BTC: $69,569.60 | Change: -232.70 (Signal triggered)
[17:22:03] Frame: 17:20:00 | BTC: $69,569.60 | Change: -232.70 (Signal triggered)
[17:22:06] Frame: 17:20:00 | BTC: $69,588.40 | Change: -213.90 (Signal triggered)
[17:22:09] Frame: 17:20:00 | BTC: $69,588.40 | Change: -213.90 (Signal triggered)
[17:22:12] Frame: 17:20:00 | BTC: $69,588.40 | Change: -213.90 (Signal triggered)
[17:22:15] Frame: 17:20:00 | BTC: $69,588.40 | Change: -213.90 (Signal triggered)
[17:22:18] Frame: 17:20:00 | BTC: $69,591.80 | Change: -210.50 (Signal triggered)
[17:22:21] Frame: 17:20:00 | BTC: $69,596.80 | Change: -205.50 (Signal triggered)
[17:22:26] Frame: 17:20:00 | BTC: $69,591.90 | Change: -210.40 (Signal triggered)
[17:22:29] Frame: 17:20:00 | BTC: $69,596.80 | Change: -205.50 (Signal triggered)
[17:22:32] Frame: 17:20:00 | BTC: $69,591.90 | Change: -210.40 (Signal triggered)
[17:22:35] Frame: 17:20:00 | BTC: $69,584.60 | Change: -217.70 (Signal triggered)
[17:22:37] Frame: 17:20:00 | BTC: $69,581.40 | Change: -220.90 (Signal triggered)
[17:22:40] Frame: 17:20:00 | BTC: $69,581.40 | Change: -220.90 (Signal triggered)
[17:22:43] Frame: 17:20:00 | BTC: $69,581.40 | Change: -220.90 (Signal triggered)
[17:22:47] Frame: 17:20:00 | BTC: $69,581.40 | Change: -220.90 (Signal triggered)
[17:22:50] Frame: 17:20:00 | BTC: $69,581.40 | Change: -220.90 (Signal triggered)
[17:22:53] Frame: 17:20:00 | BTC: $69,581.40 | Change: -220.90 (Signal triggered)
[17:22:58] Frame: 17:20:00 | BTC: $69,581.40 | Change: -220.90 (Signal triggered)
[17:23:01] Frame: 17:20:00 | BTC: $69,580.00 | Change: -222.30 (Signal triggered)
[17:23:04] Frame: 17:20:00 | BTC: $69,593.20 | Change: -209.10 (Signal triggered)
[17:23:07] Frame: 17:20:00 | BTC: $69,587.60 | Change: -214.70 (Signal triggered)
[17:23:10] Frame: 17:20:00 | BTC: $69,587.90 | Change: -214.40 (Signal triggered)
[17:23:14] Frame: 17:20:00 | BTC: $69,587.80 | Change: -214.50 (Signal triggered)
[17:23:17] Frame: 17:20:00 | BTC: $69,587.90 | Change: -214.40 (Signal triggered)
[17:23:21] Frame: 17:20:00 | BTC: $69,574.20 | Change: -228.10 (Signal triggered)
[17:23:24] Frame: 17:20:00 | BTC: $69,574.20 | Change: -228.10 (Signal triggered)
[17:23:27] Frame: 17:20:00 | BTC: $69,591.80 | Change: -210.50 (Signal triggered)
[17:23:30] Frame: 17:20:00 | BTC: $69,591.70 | Change: -210.60 (Signal triggered)
[17:23:34] Frame: 17:20:00 | BTC: $69,612.00 | Change: -190.30 (Signal triggered)
[17:23:37] Frame: 17:20:00 | BTC: $69,600.00 | Change: -202.30 (Signal triggered)
[17:23:40] Frame: 17:20:00 | BTC: $69,600.00 | Change: -202.30 (Signal triggered)
[17:23:43] Frame: 17:20:00 | BTC: $69,588.20 | Change: -214.10 (Signal triggered)
[17:23:46] Frame: 17:20:00 | BTC: $69,576.20 | Change: -226.10 (Signal triggered)
[17:23:49] Frame: 17:20:00 | BTC: $69,576.30 | Change: -226.00 (Signal triggered)
[17:23:52] Frame: 17:20:00 | BTC: $69,576.70 | Change: -225.60 (Signal triggered)
[17:23:55] Frame: 17:20:00 | BTC: $69,576.70 | Change: -225.60 (Signal triggered)
[17:23:58] Frame: 17:20:00 | BTC: $69,564.60 | Change: -237.70 (Signal triggered)
[17:24:01] Frame: 17:20:00 | BTC: $69,563.30 | Change: -239.00 (Signal triggered)
[17:24:05] Frame: 17:20:00 | BTC: $69,563.30 | Change: -239.00 (Signal triggered)
[17:24:08] Frame: 17:20:00 | BTC: $69,522.20 | Change: -280.10 (Signal triggered)
[17:24:11] Frame: 17:20:00 | BTC: $69,539.30 | Change: -263.00 (Signal triggered)
[17:24:15] Frame: 17:20:00 | BTC: $69,539.30 | Change: -263.00 (Signal triggered)
[17:24:18] Frame: 17:20:00 | BTC: $69,538.10 | Change: -264.20 (Signal triggered)
[17:24:21] Frame: 17:20:00 | BTC: $69,527.80 | Change: -274.50 (Signal triggered)
[17:24:24] Frame: 17:20:00 | BTC: $69,527.80 | Change: -274.50 (Signal triggered)
[17:24:27] Frame: 17:20:00 | BTC: $69,527.70 | Change: -274.60 (Signal triggered)
[17:24:30] Frame: 17:20:00 | BTC: $69,533.00 | Change: -269.30 (Signal triggered)
[17:24:33] Frame: 17:20:00 | BTC: $69,532.30 | Change: -270.00 (Signal triggered)
[17:24:36] Frame: 17:20:00 | BTC: $69,537.90 | Change: -264.40 (Signal triggered)
[17:24:40] Frame: 17:20:00 | BTC: $69,537.90 | Change: -264.40 (Signal triggered)
[17:24:43] Frame: 17:20:00 | BTC: $69,545.90 | Change: -256.40 (Signal triggered)
[17:24:46] Frame: 17:20:00 | BTC: $69,543.10 | Change: -259.20 (Signal triggered)
[17:24:49] Frame: 17:20:00 | BTC: $69,536.50 | Change: -265.80 (Signal triggered)
[17:24:52] Frame: 17:20:00 | BTC: $69,543.40 | Change: -258.90 (Signal triggered)
[17:24:55] Frame: 17:20:00 | BTC: $69,542.10 | Change: -260.20 (Signal triggered)
[17:24:58] Frame: 17:20:00 | BTC: $69,542.10 | Change: -260.20 (Signal triggered)

[NEW FRAME] Now: 17:25:01 | Frame: 17:25:00 | Frame Start Price: $69,536.10
[17:25:01] Frame: 17:25:00 | BTC: $69,536.10 | Change: +0.00 / ±$180
[17:25:04] Frame: 17:25:00 | BTC: $69,536.10 | Change: +0.00 / ±$180


Stopping...
Starting 5-minute BTC/USDT (Binance Perpetual) frame tracking...
Signal threshold: ±$180 price change per frame
--------------------------------------------------------------------------------

[NEW FRAME] Now: 17:25:09 | Frame: 17:25:00 | Frame Start Price: $69,535.60
[17:26:11] ⚠️  WARNING: Timestamp stuck at same value!
[17:29:15] ⚠️  WARNING: Timestamp stuck at same value!

[NEW FRAME] Now: 17:30:02 | Frame: 17:30:00 | Frame Start Price: $69,507.60


Stopping...
Starting 5-minute BTC/USDT (Binance Perpetual) frame tracking...
Signal threshold: ±$180 price change per frame
--------------------------------------------------------------------------------

[NEW FRAME] Now: 17:31:31 | Frame: 17:30:00 | Frame Start Price: $69,527.60
Scanning for signals...
[17:34:20] ⚠️  WARNING: Timestamp stuck at same value!

[NEW FRAME] Now: 17:35:02 | Frame: 17:35:00 | Frame Start Price: $69,477.60
Scanning for signals...
[17:37:22] ⚠️  WARNING: Timestamp stuck at same value!

[NEW FRAME] Now: 17:40:02 | Frame: 17:40:00 | Frame Start Price: $69,569.80
Scanning for signals...
[17:40:24] ⚠️  WARNING: Timestamp stuck at same value!
[17:42:26] ⚠️  WARNING: Timestamp stuck at same value!
[SIGNAL] 🔴 DECREASE SIGNAL @ 17:44:05 | Frame: 17:40:00 | BTC: $69,379.30 | Change: -$190.50 from $69,569.80
[17:44:09] Frame: 17:40:00 | BTC: $69,378.50 | Change: -191.30 (Signal triggered)
[17:44:12] Frame: 17:40:00 | BTC: $69,378.50 | Change: -191.30 (Signal triggered)
[17:44:15] Frame: 17:40:00 | BTC: $69,372.40 | Change: -197.40 (Signal triggered)
[17:44:18] Frame: 17:40:00 | BTC: $69,372.40 | Change: -197.40 (Signal triggered)
[17:44:21] Frame: 17:40:00 | BTC: $69,374.10 | Change: -195.70 (Signal triggered)
[17:44:24] Frame: 17:40:00 | BTC: $69,358.00 | Change: -211.80 (Signal triggered)
[17:44:27] Frame: 17:40:00 | BTC: $69,358.00 | Change: -211.80 (Signal triggered)
[17:44:31] Frame: 17:40:00 | BTC: $69,348.50 | Change: -221.30 (Signal triggered)
[17:44:34] Frame: 17:40:00 | BTC: $69,365.50 | Change: -204.30 (Signal triggered)
[17:44:37] Frame: 17:40:00 | BTC: $69,366.40 | Change: -203.40 (Signal triggered)
[17:44:41] Frame: 17:40:00 | BTC: $69,360.00 | Change: -209.80 (Signal triggered)
[17:44:44] Frame: 17:40:00 | BTC: $69,377.20 | Change: -192.60 (Signal triggered)
[17:44:47] Frame: 17:40:00 | BTC: $69,343.10 | Change: -226.70 (Signal triggered)
[17:44:50] Frame: 17:40:00 | BTC: $69,348.20 | Change: -221.60 (Signal triggered)
[17:44:53] Frame: 17:40:00 | BTC: $69,348.80 | Change: -221.00 (Signal triggered)
[17:44:56] Frame: 17:40:00 | BTC: $69,328.20 | Change: -241.60 (Signal triggered)
[17:44:58] Frame: 17:40:00 | BTC: $69,319.80 | Change: -250.00 (Signal triggered)

[NEW FRAME] Now: 17:45:01 | Frame: 17:45:00 | Frame Start Price: $69,319.80
Scanning for signals...


Stopping...
Starting 5-minute BTC/USDT (Binance Perpetual) frame tracking...
Signal threshold: ±$180 price change per frame
--------------------------------------------------------------------------------

[NEW FRAME] Now: 18:10:33 | Frame: 18:10:00 | Frame Start Price: $69,500.10
Scanning for signals...
Unexpected error: mixer not initialized


Stopping...
Starting 5-minute BTC/USDT (Binance Perpetual) frame tracking...
Signal threshold: ±$180 price change per frame
--------------------------------------------------------------------------------

[NEW FRAME] Now: 18:17:04 | Frame: 18:15:00 | Frame Start Price: $69,565.30
Scanning for signals...


Stopping...
Starting 5-minute BTC/USDT (Binance Perpetual) frame tracking...
Signal threshold: ±$180 price change per frame
--------------------------------------------------------------------------------

[NEW FRAME] Now: 18:19:16 | Frame: 18:15:00 | Frame Start Price: $69,573.00
Scanning for signals...

[NEW FRAME] Now: 18:20:00 | Frame: 18:20:00 | Frame Start Price: $69,536.90
Scanning for signals...


Stopping...
Starting 5-minute BTC/USDT (Binance Perpetual) frame tracking...
Signal threshold: ±$180 price change per frame
--------------------------------------------------------------------------------

[NEW FRAME] Now: 18:20:43 | Frame: 18:20:00 | Frame Start Price: $69,488.00
Scanning for signals...

[NEW FRAME] Now: 18:25:02 | Frame: 18:25:00 | Frame Start Price: $69,399.60
Scanning for signals...

[NEW FRAME] Now: 18:30:01 | Frame: 18:30:00 | Frame Start Price: $69,439.90
Scanning for signals...

[NEW FRAME] Now: 18:35:02 | Frame: 18:35:00 | Frame Start Price: $69,420.30
Scanning for signals...

[NEW FRAME] Now: 18:40:01 | Frame: 18:40:00 | Frame Start Price: $69,502.90
Scanning for signals...

[NEW FRAME] Now: 18:45:02 | Frame: 18:45:00 | Frame Start Price: $69,478.50
Scanning for signals...

[NEW FRAME] Now: 18:50:02 | Frame: 18:50:00 | Frame Start Price: $69,416.90
Scanning for signals...

[NEW FRAME] Now: 18:55:02 | Frame: 18:55:00 | Frame Start Price: $69,482.40
Scanning for signals...

[NEW FRAME] Now: 19:00:02 | Frame: 19:00:00 | Frame Start Price: $69,458.90
Scanning for signals...

[NEW FRAME] Now: 19:05:01 | Frame: 19:05:00 | Frame Start Price: $69,522.70
Scanning for signals...

[NEW FRAME] Now: 19:10:01 | Frame: 19:10:00 | Frame Start Price: $69,557.70
Scanning for signals...

[NEW FRAME] Now: 19:15:00 | Frame: 19:15:00 | Frame Start Price: $69,471.80
Scanning for signals...

[NEW FRAME] Now: 19:20:01 | Frame: 19:20:00 | Frame Start Price: $69,535.00
Scanning for signals...

[NEW FRAME] Now: 19:23:37 | Frame: 19:25:00 | Frame Start Price: $69,520.50
Scanning for signals...

[NEW FRAME] Now: 19:23:37 | Frame: 19:30:00 | Frame Start Price: $69,520.50
Scanning for signals...

[NEW FRAME] Now: 19:23:37 | Frame: 19:35:00 | Frame Start Price: $69,520.50
Scanning for signals...

[NEW FRAME] Now: 19:23:37 | Frame: 19:40:00 | Frame Start Price: $69,520.50
Scanning for signals...

[NEW FRAME] Now: 19:23:37 | Frame: 21:30:00 | Frame Start Price: $69,520.50
Scanning for signals...

[NEW FRAME] Now: 19:23:37 | Frame: 21:35:00 | Frame Start Price: $69,520.50
Scanning for signals...


Stopping...
Starting 5-minute BTC/USDT (Binance Perpetual) frame tracking...
Signal threshold: ±$180 price change per frame
--------------------------------------------------------------------------------


Stopping...
Starting 5-minute BTC/USDT (Binance Perpetual) frame tracking...
Signal threshold: ±$180 price change per frame
--------------------------------------------------------------------------------

[NEW FRAME] Now: 21:58:02 | Frame: 21:55:00 | Frame Start Price: $70,260.50
Scanning for signals...

[NEW FRAME] Now: 22:00:01 | Frame: 22:00:00 | Frame Start Price: $70,236.00
Scanning for signals...

[NEW FRAME] Now: 22:00:19 | Frame: 22:05:00 | Frame Start Price: $70,235.90
Scanning for signals...

[NEW FRAME] Now: 22:00:19 | Frame: 22:10:00 | Frame Start Price: $70,235.90
Scanning for signals...

[NEW FRAME] Now: 22:00:19 | Frame: 22:15:00 | Frame Start Price: $70,235.90
Scanning for signals...

[NEW FRAME] Now: 22:00:19 | Frame: 22:30:00 | Frame Start Price: $70,235.90
Scanning for signals...
[SIGNAL] 🟢 INCREASE SIGNAL @ 22:32:51 | Frame: 22:30:00 | BTC: $70,437.80 | Change: +$201.90 from $70,235.90
[22:32:55] Frame: 22:30:00 | BTC: $70,441.00 | Change: +205.10 (Signal triggered)
[22:32:58] Frame: 22:30:00 | BTC: $70,437.80 | Change: +201.90 (Signal triggered)
[22:33:01] Frame: 22:30:00 | BTC: $70,437.90 | Change: +202.00 (Signal triggered)
[22:33:04] Frame: 22:30:00 | BTC: $70,437.90 | Change: +202.00 (Signal triggered)
[22:33:07] Frame: 22:30:00 | BTC: $70,437.90 | Change: +202.00 (Signal triggered)
[22:33:10] Frame: 22:30:00 | BTC: $70,437.90 | Change: +202.00 (Signal triggered)
[22:33:13] Frame: 22:30:00 | BTC: $70,441.30 | Change: +205.40 (Signal triggered)
[22:33:16] Frame: 22:30:00 | BTC: $70,434.80 | Change: +198.90 (Signal triggered)
[22:33:19] Frame: 22:30:00 | BTC: $70,434.80 | Change: +198.90 (Signal triggered)
[22:33:22] Frame: 22:30:00 | BTC: $70,434.80 | Change: +198.90 (Signal triggered)
[22:33:25] Frame: 22:30:00 | BTC: $70,427.60 | Change: +191.70 (Signal triggered)
[22:33:28] Frame: 22:30:00 | BTC: $70,434.90 | Change: +199.00 (Signal triggered)
[22:33:32] Frame: 22:30:00 | BTC: $70,409.50 | Change: +173.60 (Signal triggered)
[22:33:36] Frame: 22:30:00 | BTC: $70,423.50 | Change: +187.60 (Signal triggered)
[22:33:39] Frame: 22:30:00 | BTC: $70,408.40 | Change: +172.50 (Signal triggered)
[22:33:42] Frame: 22:30:00 | BTC: $70,408.50 | Change: +172.60 (Signal triggered)
[22:33:44] Frame: 22:30:00 | BTC: $70,408.50 | Change: +172.60 (Signal triggered)
[22:33:47] Frame: 22:30:00 | BTC: $70,408.40 | Change: +172.50 (Signal triggered)
[22:33:50] Frame: 22:30:00 | BTC: $70,408.40 | Change: +172.50 (Signal triggered)
[22:33:53] Frame: 22:30:00 | BTC: $70,413.80 | Change: +177.90 (Signal triggered)
[22:33:53] Frame: 22:30:00 | BTC: $70,413.80 | Change: +177.90 (Signal triggered)
[22:33:59] Frame: 22:30:00 | BTC: $70,408.70 | Change: +172.80 (Signal triggered)
[22:34:02] Frame: 22:30:00 | BTC: $70,408.60 | Change: +172.70 (Signal triggered)
[22:34:06] Frame: 22:30:00 | BTC: $70,408.60 | Change: +172.70 (Signal triggered)
[22:34:09] Frame: 22:30:00 | BTC: $70,408.70 | Change: +172.80 (Signal triggered)
[22:34:12] Frame: 22:30:00 | BTC: $70,408.70 | Change: +172.80 (Signal triggered)
[22:34:15] Frame: 22:30:00 | BTC: $70,408.70 | Change: +172.80 (Signal triggered)
[22:34:18] Frame: 22:30:00 | BTC: $70,408.70 | Change: +172.80 (Signal triggered)
[22:34:21] Frame: 22:30:00 | BTC: $70,408.70 | Change: +172.80 (Signal triggered)
[22:34:24] Frame: 22:30:00 | BTC: $70,408.70 | Change: +172.80 (Signal triggered)
[22:34:27] Frame: 22:30:00 | BTC: $70,408.60 | Change: +172.70 (Signal triggered)
[22:34:30] Frame: 22:30:00 | BTC: $70,408.40 | Change: +172.50 (Signal triggered)
[22:34:33] Frame: 22:30:00 | BTC: $70,408.40 | Change: +172.50 (Signal triggered)
[22:34:36] Frame: 22:30:00 | BTC: $70,408.40 | Change: +172.50 (Signal triggered)
[22:34:40] Frame: 22:30:00 | BTC: $70,408.40 | Change: +172.50 (Signal triggered)
[22:34:43] Frame: 22:30:00 | BTC: $70,412.40 | Change: +176.50 (Signal triggered)
[22:34:46] Frame: 22:30:00 | BTC: $70,412.30 | Change: +176.40 (Signal triggered)
[22:34:49] Frame: 22:30:00 | BTC: $70,412.30 | Change: +176.40 (Signal triggered)
[22:34:52] Frame: 22:30:00 | BTC: $70,416.00 | Change: +180.10 (Signal triggered)
[22:34:55] Frame: 22:30:00 | BTC: $70,416.00 | Change: +180.10 (Signal triggered)
[22:34:55] Frame: 22:30:00 | BTC: $70,416.00 | Change: +180.10 (Signal triggered)

[NEW FRAME] Now: 22:35:01 | Frame: 22:35:00 | Frame Start Price: $70,416.60
Scanning for signals...

[NEW FRAME] Now: 22:40:02 | Frame: 22:40:00 | Frame Start Price: $70,444.50
Scanning for signals...

[NEW FRAME] Now: 22:44:58 | Frame: 22:45:00 | Frame Start Price: $70,359.10
Scanning for signals...

[NEW FRAME] Now: 22:50:01 | Frame: 22:50:00 | Frame Start Price: $70,272.10
Scanning for signals...

[NEW FRAME] Now: 22:55:02 | Frame: 22:55:00 | Frame Start Price: $70,334.70
Scanning for signals...

[NEW FRAME] Now: 23:00:01 | Frame: 23:00:00 | Frame Start Price: $70,370.20
Scanning for signals...

[NEW FRAME] Now: 23:05:01 | Frame: 23:05:00 | Frame Start Price: $70,370.00
Scanning for signals...

[NEW FRAME] Now: 23:05:14 | Frame: 23:10:00 | Frame Start Price: $70,390.50
Scanning for signals...

[NEW FRAME] Now: 23:05:14 | Frame: 23:15:00 | Frame Start Price: $70,390.50
Scanning for signals...

[NEW FRAME] Now: 23:05:14 | Frame: 23:20:00 | Frame Start Price: $70,390.50
Scanning for signals...

[NEW FRAME] Now: 23:05:14 | Frame: 23:25:00 | Frame Start Price: $70,390.50
Scanning for signals...

[NEW FRAME] Now: 23:05:14 | Frame: 23:30:00 | Frame Start Price: $70,390.50
Scanning for signals...

[NEW FRAME] Now: 23:05:14 | Frame: 23:35:00 | Frame Start Price: $70,390.50
Scanning for signals...

[NEW FRAME] Now: 23:05:14 | Frame: 23:40:00 | Frame Start Price: $70,390.50
Scanning for signals...

[NEW FRAME] Now: 23:05:14 | Frame: 23:45:00 | Frame Start Price: $70,390.50
Scanning for signals...


Stopping...
